ERROR - 2023-03-07 03:53:02 --> mysqli_sql_exception: Table 'libros' already exists in C:\xampp\htdocs\biblioteca\Practicas-Tecnica-LancerGroup\Practicas en PHP\biblioteca_carlos\system\Database\MySQLi\Connection.php:295
Stack trace:
#0 C:\xampp\htdocs\biblioteca\Practicas-Tecnica-LancerGroup\Practicas en PHP\biblioteca_carlos\system\Database\MySQLi\Connection.php(295): mysqli->query('CREATE TABLE `l...', 0)
#1 C:\xampp\htdocs\biblioteca\Practicas-Tecnica-LancerGroup\Practicas en PHP\biblioteca_carlos\system\Database\BaseConnection.php(691): CodeIgniter\Database\MySQLi\Connection->execute('CREATE TABLE `l...')
#2 C:\xampp\htdocs\biblioteca\Practicas-Tecnica-LancerGroup\Practicas en PHP\biblioteca_carlos\system\Database\BaseConnection.php(605): CodeIgniter\Database\BaseConnection->simpleQuery('CREATE TABLE `l...')
#3 C:\xampp\htdocs\biblioteca\Practicas-Tecnica-LancerGroup\Practicas en PHP\biblioteca_carlos\system\Database\Forge.php(546): CodeIgniter\Database\BaseConnection->query('CREATE TABLE `l...')
#4 C:\xampp\htdocs\biblioteca\Practicas-Tecnica-LancerGroup\Practicas en PHP\biblioteca_carlos\app\Database\Migrations\2023-03-07-032736_Autores.php(42): CodeIgniter\Database\Forge->createTable('libros')
#5 C:\xampp\htdocs\biblioteca\Practicas-Tecnica-LancerGroup\Practicas en PHP\biblioteca_carlos\system\Database\MigrationRunner.php(877): App\Database\Migrations\Autores->up()
#6 C:\xampp\htdocs\biblioteca\Practicas-Tecnica-LancerGroup\Practicas en PHP\biblioteca_carlos\system\Database\MigrationRunner.php(188): CodeIgniter\Database\MigrationRunner->migrate('up', Object(stdClass))
#7 C:\xampp\htdocs\biblioteca\Practicas-Tecnica-LancerGroup\Practicas en PHP\biblioteca_carlos\system\Commands\Database\Migrate.php(84): CodeIgniter\Database\MigrationRunner->latest(NULL)
#8 C:\xampp\htdocs\biblioteca\Practicas-Tecnica-LancerGroup\Practicas en PHP\biblioteca_carlos\system\CLI\Commands.php(65): CodeIgniter\Commands\Database\Migrate->run(Array)
#9 C:\xampp\htdocs\biblioteca\Practicas-Tecnica-LancerGroup\Practicas en PHP\biblioteca_carlos\system\CLI\Console.php(37): CodeIgniter\CLI\Commands->run('migrate', Array)
#10 C:\xampp\htdocs\biblioteca\Practicas-Tecnica-LancerGroup\Practicas en PHP\biblioteca_carlos\spark(97): CodeIgniter\CLI\Console->run()
#11 {main}
ERROR - 2023-03-07 03:55:17 --> mysqli_sql_exception: Table 'libros' already exists in C:\xampp\htdocs\biblioteca\Practicas-Tecnica-LancerGroup\Practicas en PHP\biblioteca_carlos\system\Database\MySQLi\Connection.php:295
Stack trace:
#0 C:\xampp\htdocs\biblioteca\Practicas-Tecnica-LancerGroup\Practicas en PHP\biblioteca_carlos\system\Database\MySQLi\Connection.php(295): mysqli->query('CREATE TABLE `l...', 0)
#1 C:\xampp\htdocs\biblioteca\Practicas-Tecnica-LancerGroup\Practicas en PHP\biblioteca_carlos\system\Database\BaseConnection.php(691): CodeIgniter\Database\MySQLi\Connection->execute('CREATE TABLE `l...')
#2 C:\xampp\htdocs\biblioteca\Practicas-Tecnica-LancerGroup\Practicas en PHP\biblioteca_carlos\system\Database\BaseConnection.php(605): CodeIgniter\Database\BaseConnection->simpleQuery('CREATE TABLE `l...')
#3 C:\xampp\htdocs\biblioteca\Practicas-Tecnica-LancerGroup\Practicas en PHP\biblioteca_carlos\system\Database\Forge.php(546): CodeIgniter\Database\BaseConnection->query('CREATE TABLE `l...')
#4 C:\xampp\htdocs\biblioteca\Practicas-Tecnica-LancerGroup\Practicas en PHP\biblioteca_carlos\app\Database\Migrations\2023-03-07-032736_Autores.php(42): CodeIgniter\Database\Forge->createTable('libros')
#5 C:\xampp\htdocs\biblioteca\Practicas-Tecnica-LancerGroup\Practicas en PHP\biblioteca_carlos\system\Database\MigrationRunner.php(877): App\Database\Migrations\Autores->up()
#6 C:\xampp\htdocs\biblioteca\Practicas-Tecnica-LancerGroup\Practicas en PHP\biblioteca_carlos\system\Database\MigrationRunner.php(188): CodeIgniter\Database\MigrationRunner->migrate('up', Object(stdClass))
#7 C:\xampp\htdocs\biblioteca\Practicas-Tecnica-LancerGroup\Practicas en PHP\biblioteca_carlos\system\Commands\Database\Migrate.php(84): CodeIgniter\Database\MigrationRunner->latest(NULL)
#8 C:\xampp\htdocs\biblioteca\Practicas-Tecnica-LancerGroup\Practicas en PHP\biblioteca_carlos\system\CLI\Commands.php(65): CodeIgniter\Commands\Database\Migrate->run(Array)
#9 C:\xampp\htdocs\biblioteca\Practicas-Tecnica-LancerGroup\Practicas en PHP\biblioteca_carlos\system\CLI\Console.php(37): CodeIgniter\CLI\Commands->run('migrate', Array)
#10 C:\xampp\htdocs\biblioteca\Practicas-Tecnica-LancerGroup\Practicas en PHP\biblioteca_carlos\spark(97): CodeIgniter\CLI\Console->run()
#11 {main}
ERROR - 2023-03-07 03:56:39 --> mysqli_sql_exception: Table 'libros' already exists in C:\xampp\htdocs\biblioteca\Practicas-Tecnica-LancerGroup\Practicas en PHP\biblioteca_carlos\system\Database\MySQLi\Connection.php:295
Stack trace:
#0 C:\xampp\htdocs\biblioteca\Practicas-Tecnica-LancerGroup\Practicas en PHP\biblioteca_carlos\system\Database\MySQLi\Connection.php(295): mysqli->query('CREATE TABLE `l...', 0)
#1 C:\xampp\htdocs\biblioteca\Practicas-Tecnica-LancerGroup\Practicas en PHP\biblioteca_carlos\system\Database\BaseConnection.php(691): CodeIgniter\Database\MySQLi\Connection->execute('CREATE TABLE `l...')
#2 C:\xampp\htdocs\biblioteca\Practicas-Tecnica-LancerGroup\Practicas en PHP\biblioteca_carlos\system\Database\BaseConnection.php(605): CodeIgniter\Database\BaseConnection->simpleQuery('CREATE TABLE `l...')
#3 C:\xampp\htdocs\biblioteca\Practicas-Tecnica-LancerGroup\Practicas en PHP\biblioteca_carlos\system\Database\Forge.php(546): CodeIgniter\Database\BaseConnection->query('CREATE TABLE `l...')
#4 C:\xampp\htdocs\biblioteca\Practicas-Tecnica-LancerGroup\Practicas en PHP\biblioteca_carlos\app\Database\Migrations\2023-03-07-032736_Autores.php(42): CodeIgniter\Database\Forge->createTable('libros')
#5 C:\xampp\htdocs\biblioteca\Practicas-Tecnica-LancerGroup\Practicas en PHP\biblioteca_carlos\system\Database\MigrationRunner.php(877): App\Database\Migrations\Autores->up()
#6 C:\xampp\htdocs\biblioteca\Practicas-Tecnica-LancerGroup\Practicas en PHP\biblioteca_carlos\system\Database\MigrationRunner.php(188): CodeIgniter\Database\MigrationRunner->migrate('up', Object(stdClass))
#7 C:\xampp\htdocs\biblioteca\Practicas-Tecnica-LancerGroup\Practicas en PHP\biblioteca_carlos\system\Commands\Database\Migrate.php(84): CodeIgniter\Database\MigrationRunner->latest(NULL)
#8 C:\xampp\htdocs\biblioteca\Practicas-Tecnica-LancerGroup\Practicas en PHP\biblioteca_carlos\system\CLI\Commands.php(65): CodeIgniter\Commands\Database\Migrate->run(Array)
#9 C:\xampp\htdocs\biblioteca\Practicas-Tecnica-LancerGroup\Practicas en PHP\biblioteca_carlos\system\CLI\Console.php(37): CodeIgniter\CLI\Commands->run('migrate', Array)
#10 C:\xampp\htdocs\biblioteca\Practicas-Tecnica-LancerGroup\Practicas en PHP\biblioteca_carlos\spark(97): CodeIgniter\CLI\Console->run()
#11 {main}
ERROR - 2023-03-07 03:59:36 --> mysqli_sql_exception: Table 'libros' already exists in C:\xampp\htdocs\biblioteca\Practicas-Tecnica-LancerGroup\Practicas en PHP\biblioteca_carlos\system\Database\MySQLi\Connection.php:295
Stack trace:
#0 C:\xampp\htdocs\biblioteca\Practicas-Tecnica-LancerGroup\Practicas en PHP\biblioteca_carlos\system\Database\MySQLi\Connection.php(295): mysqli->query('CREATE TABLE `l...', 0)
#1 C:\xampp\htdocs\biblioteca\Practicas-Tecnica-LancerGroup\Practicas en PHP\biblioteca_carlos\system\Database\BaseConnection.php(691): CodeIgniter\Database\MySQLi\Connection->execute('CREATE TABLE `l...')
#2 C:\xampp\htdocs\biblioteca\Practicas-Tecnica-LancerGroup\Practicas en PHP\biblioteca_carlos\system\Database\BaseConnection.php(605): CodeIgniter\Database\BaseConnection->simpleQuery('CREATE TABLE `l...')
#3 C:\xampp\htdocs\biblioteca\Practicas-Tecnica-LancerGroup\Practicas en PHP\biblioteca_carlos\system\Database\Forge.php(546): CodeIgniter\Database\BaseConnection->query('CREATE TABLE `l...')
#4 C:\xampp\htdocs\biblioteca\Practicas-Tecnica-LancerGroup\Practicas en PHP\biblioteca_carlos\app\Database\Migrations\2023-03-07-032736_Autores.php(42): CodeIgniter\Database\Forge->createTable('libros')
#5 C:\xampp\htdocs\biblioteca\Practicas-Tecnica-LancerGroup\Practicas en PHP\biblioteca_carlos\system\Database\MigrationRunner.php(877): App\Database\Migrations\Autores->up()
#6 C:\xampp\htdocs\biblioteca\Practicas-Tecnica-LancerGroup\Practicas en PHP\biblioteca_carlos\system\Database\MigrationRunner.php(188): CodeIgniter\Database\MigrationRunner->migrate('up', Object(stdClass))
#7 C:\xampp\htdocs\biblioteca\Practicas-Tecnica-LancerGroup\Practicas en PHP\biblioteca_carlos\system\Commands\Database\Migrate.php(84): CodeIgniter\Database\MigrationRunner->latest(NULL)
#8 C:\xampp\htdocs\biblioteca\Practicas-Tecnica-LancerGroup\Practicas en PHP\biblioteca_carlos\system\CLI\Commands.php(65): CodeIgniter\Commands\Database\Migrate->run(Array)
#9 C:\xampp\htdocs\biblioteca\Practicas-Tecnica-LancerGroup\Practicas en PHP\biblioteca_carlos\system\CLI\Console.php(37): CodeIgniter\CLI\Commands->run('migrate', Array)
#10 C:\xampp\htdocs\biblioteca\Practicas-Tecnica-LancerGroup\Practicas en PHP\biblioteca_carlos\spark(97): CodeIgniter\CLI\Console->run()
#11 {main}
ERROR - 2023-03-07 04:00:01 --> mysqli_sql_exception: Table 'libros' already exists in C:\xampp\htdocs\biblioteca\Practicas-Tecnica-LancerGroup\Practicas en PHP\biblioteca_carlos\system\Database\MySQLi\Connection.php:295
Stack trace:
#0 C:\xampp\htdocs\biblioteca\Practicas-Tecnica-LancerGroup\Practicas en PHP\biblioteca_carlos\system\Database\MySQLi\Connection.php(295): mysqli->query('CREATE TABLE `l...', 0)
#1 C:\xampp\htdocs\biblioteca\Practicas-Tecnica-LancerGroup\Practicas en PHP\biblioteca_carlos\system\Database\BaseConnection.php(691): CodeIgniter\Database\MySQLi\Connection->execute('CREATE TABLE `l...')
#2 C:\xampp\htdocs\biblioteca\Practicas-Tecnica-LancerGroup\Practicas en PHP\biblioteca_carlos\system\Database\BaseConnection.php(605): CodeIgniter\Database\BaseConnection->simpleQuery('CREATE TABLE `l...')
#3 C:\xampp\htdocs\biblioteca\Practicas-Tecnica-LancerGroup\Practicas en PHP\biblioteca_carlos\system\Database\Forge.php(546): CodeIgniter\Database\BaseConnection->query('CREATE TABLE `l...')
#4 C:\xampp\htdocs\biblioteca\Practicas-Tecnica-LancerGroup\Practicas en PHP\biblioteca_carlos\app\Database\Migrations\2023-03-07-032736_Autores.php(42): CodeIgniter\Database\Forge->createTable('libros')
#5 C:\xampp\htdocs\biblioteca\Practicas-Tecnica-LancerGroup\Practicas en PHP\biblioteca_carlos\system\Database\MigrationRunner.php(877): App\Database\Migrations\Autores->up()
#6 C:\xampp\htdocs\biblioteca\Practicas-Tecnica-LancerGroup\Practicas en PHP\biblioteca_carlos\system\Database\MigrationRunner.php(188): CodeIgniter\Database\MigrationRunner->migrate('up', Object(stdClass))
#7 C:\xampp\htdocs\biblioteca\Practicas-Tecnica-LancerGroup\Practicas en PHP\biblioteca_carlos\system\Commands\Database\Migrate.php(84): CodeIgniter\Database\MigrationRunner->latest(NULL)
#8 C:\xampp\htdocs\biblioteca\Practicas-Tecnica-LancerGroup\Practicas en PHP\biblioteca_carlos\system\CLI\Commands.php(65): CodeIgniter\Commands\Database\Migrate->run(Array)
#9 C:\xampp\htdocs\biblioteca\Practicas-Tecnica-LancerGroup\Practicas en PHP\biblioteca_carlos\system\CLI\Console.php(37): CodeIgniter\CLI\Commands->run('migrate', Array)
#10 C:\xampp\htdocs\biblioteca\Practicas-Tecnica-LancerGroup\Practicas en PHP\biblioteca_carlos\spark(97): CodeIgniter\CLI\Console->run()
#11 {main}
ERROR - 2023-03-07 04:00:54 --> mysqli_sql_exception: Table 'libros' already exists in C:\xampp\htdocs\biblioteca\Practicas-Tecnica-LancerGroup\Practicas en PHP\biblioteca_carlos\system\Database\MySQLi\Connection.php:295
Stack trace:
#0 C:\xampp\htdocs\biblioteca\Practicas-Tecnica-LancerGroup\Practicas en PHP\biblioteca_carlos\system\Database\MySQLi\Connection.php(295): mysqli->query('CREATE TABLE `l...', 0)
#1 C:\xampp\htdocs\biblioteca\Practicas-Tecnica-LancerGroup\Practicas en PHP\biblioteca_carlos\system\Database\BaseConnection.php(691): CodeIgniter\Database\MySQLi\Connection->execute('CREATE TABLE `l...')
#2 C:\xampp\htdocs\biblioteca\Practicas-Tecnica-LancerGroup\Practicas en PHP\biblioteca_carlos\system\Database\BaseConnection.php(605): CodeIgniter\Database\BaseConnection->simpleQuery('CREATE TABLE `l...')
#3 C:\xampp\htdocs\biblioteca\Practicas-Tecnica-LancerGroup\Practicas en PHP\biblioteca_carlos\system\Database\Forge.php(546): CodeIgniter\Database\BaseConnection->query('CREATE TABLE `l...')
#4 C:\xampp\htdocs\biblioteca\Practicas-Tecnica-LancerGroup\Practicas en PHP\biblioteca_carlos\app\Database\Migrations\2023-03-07-032736_Autores.php(42): CodeIgniter\Database\Forge->createTable('libros')
#5 C:\xampp\htdocs\biblioteca\Practicas-Tecnica-LancerGroup\Practicas en PHP\biblioteca_carlos\system\Database\MigrationRunner.php(877): App\Database\Migrations\Autores->up()
#6 C:\xampp\htdocs\biblioteca\Practicas-Tecnica-LancerGroup\Practicas en PHP\biblioteca_carlos\system\Database\MigrationRunner.php(188): CodeIgniter\Database\MigrationRunner->migrate('up', Object(stdClass))
#7 C:\xampp\htdocs\biblioteca\Practicas-Tecnica-LancerGroup\Practicas en PHP\biblioteca_carlos\system\Commands\Database\Migrate.php(84): CodeIgniter\Database\MigrationRunner->latest(NULL)
#8 C:\xampp\htdocs\biblioteca\Practicas-Tecnica-LancerGroup\Practicas en PHP\biblioteca_carlos\system\CLI\Commands.php(65): CodeIgniter\Commands\Database\Migrate->run(Array)
#9 C:\xampp\htdocs\biblioteca\Practicas-Tecnica-LancerGroup\Practicas en PHP\biblioteca_carlos\system\CLI\Console.php(37): CodeIgniter\CLI\Commands->run('migrate', Array)
#10 C:\xampp\htdocs\biblioteca\Practicas-Tecnica-LancerGroup\Practicas en PHP\biblioteca_carlos\spark(97): CodeIgniter\CLI\Console->run()
#11 {main}
ERROR - 2023-03-07 04:01:29 --> mysqli_sql_exception: Table 'libros' already exists in C:\xampp\htdocs\biblioteca\Practicas-Tecnica-LancerGroup\Practicas en PHP\biblioteca_carlos\system\Database\MySQLi\Connection.php:295
Stack trace:
#0 C:\xampp\htdocs\biblioteca\Practicas-Tecnica-LancerGroup\Practicas en PHP\biblioteca_carlos\system\Database\MySQLi\Connection.php(295): mysqli->query('CREATE TABLE `l...', 0)
#1 C:\xampp\htdocs\biblioteca\Practicas-Tecnica-LancerGroup\Practicas en PHP\biblioteca_carlos\system\Database\BaseConnection.php(691): CodeIgniter\Database\MySQLi\Connection->execute('CREATE TABLE `l...')
#2 C:\xampp\htdocs\biblioteca\Practicas-Tecnica-LancerGroup\Practicas en PHP\biblioteca_carlos\system\Database\BaseConnection.php(605): CodeIgniter\Database\BaseConnection->simpleQuery('CREATE TABLE `l...')
#3 C:\xampp\htdocs\biblioteca\Practicas-Tecnica-LancerGroup\Practicas en PHP\biblioteca_carlos\system\Database\Forge.php(546): CodeIgniter\Database\BaseConnection->query('CREATE TABLE `l...')
#4 C:\xampp\htdocs\biblioteca\Practicas-Tecnica-LancerGroup\Practicas en PHP\biblioteca_carlos\app\Database\Migrations\2023-03-07-032736_Autores.php(42): CodeIgniter\Database\Forge->createTable('libros')
#5 C:\xampp\htdocs\biblioteca\Practicas-Tecnica-LancerGroup\Practicas en PHP\biblioteca_carlos\system\Database\MigrationRunner.php(877): App\Database\Migrations\Autores->up()
#6 C:\xampp\htdocs\biblioteca\Practicas-Tecnica-LancerGroup\Practicas en PHP\biblioteca_carlos\system\Database\MigrationRunner.php(188): CodeIgniter\Database\MigrationRunner->migrate('up', Object(stdClass))
#7 C:\xampp\htdocs\biblioteca\Practicas-Tecnica-LancerGroup\Practicas en PHP\biblioteca_carlos\system\Commands\Database\Migrate.php(84): CodeIgniter\Database\MigrationRunner->latest(NULL)
#8 C:\xampp\htdocs\biblioteca\Practicas-Tecnica-LancerGroup\Practicas en PHP\biblioteca_carlos\system\CLI\Commands.php(65): CodeIgniter\Commands\Database\Migrate->run(Array)
#9 C:\xampp\htdocs\biblioteca\Practicas-Tecnica-LancerGroup\Practicas en PHP\biblioteca_carlos\system\CLI\Console.php(37): CodeIgniter\CLI\Commands->run('migrate', Array)
#10 C:\xampp\htdocs\biblioteca\Practicas-Tecnica-LancerGroup\Practicas en PHP\biblioteca_carlos\spark(97): CodeIgniter\CLI\Console->run()
#11 {main}
ERROR - 2023-03-07 13:28:01 --> mysqli_sql_exception: Table 'biblioteca.libros' doesn't exist in C:\xampp\htdocs\biblioteca\Practicas-Tecnica-LancerGroup\Practicas en PHP\biblioteca_carlos\system\Database\MySQLi\Connection.php:295
Stack trace:
#0 C:\xampp\htdocs\biblioteca\Practicas-Tecnica-LancerGroup\Practicas en PHP\biblioteca_carlos\system\Database\MySQLi\Connection.php(295): mysqli->query('SELECT *\nFROM `...', 0)
#1 C:\xampp\htdocs\biblioteca\Practicas-Tecnica-LancerGroup\Practicas en PHP\biblioteca_carlos\system\Database\BaseConnection.php(691): CodeIgniter\Database\MySQLi\Connection->execute('SELECT *\nFROM `...')
#2 C:\xampp\htdocs\biblioteca\Practicas-Tecnica-LancerGroup\Practicas en PHP\biblioteca_carlos\system\Database\BaseConnection.php(605): CodeIgniter\Database\BaseConnection->simpleQuery('SELECT *\nFROM `...')
#3 C:\xampp\htdocs\biblioteca\Practicas-Tecnica-LancerGroup\Practicas en PHP\biblioteca_carlos\system\Database\BaseBuilder.php(1616): CodeIgniter\Database\BaseConnection->query('SELECT *\nFROM `...', Array, false)
#4 C:\xampp\htdocs\biblioteca\Practicas-Tecnica-LancerGroup\Practicas en PHP\biblioteca_carlos\system\Model.php(241): CodeIgniter\Database\BaseBuilder->get()
#5 C:\xampp\htdocs\biblioteca\Practicas-Tecnica-LancerGroup\Practicas en PHP\biblioteca_carlos\system\BaseModel.php(618): CodeIgniter\Model->doFindAll(0, 0)
#6 C:\xampp\htdocs\biblioteca\Practicas-Tecnica-LancerGroup\Practicas en PHP\biblioteca_carlos\app\Controllers\LibrosController.php(14): CodeIgniter\BaseModel->findAll()
#7 C:\xampp\htdocs\biblioteca\Practicas-Tecnica-LancerGroup\Practicas en PHP\biblioteca_carlos\system\CodeIgniter.php(934): App\Controllers\LibrosController->lista()
#8 C:\xampp\htdocs\biblioteca\Practicas-Tecnica-LancerGroup\Practicas en PHP\biblioteca_carlos\system\CodeIgniter.php(499): CodeIgniter\CodeIgniter->runController(Object(App\Controllers\LibrosController))
#9 C:\xampp\htdocs\biblioteca\Practicas-Tecnica-LancerGroup\Practicas en PHP\biblioteca_carlos\system\CodeIgniter.php(368): CodeIgniter\CodeIgniter->handleRequest(NULL, Object(Config\Cache), false)
#10 C:\xampp\htdocs\biblioteca\Practicas-Tecnica-LancerGroup\Practicas en PHP\biblioteca_carlos\public\index.php(67): CodeIgniter\CodeIgniter->run()
#11 {main}
CRITICAL - 2023-03-07 13:28:01 --> Table 'biblioteca.libros' doesn't exist
in SYSTEMPATH\Database\BaseConnection.php on line 645.
 1 SYSTEMPATH\Database\BaseBuilder.php(1616): CodeIgniter\Database\BaseConnection->query('SELECT *
FROM `libros`
ORDER BY `id` ASC', [], false)
 2 SYSTEMPATH\Model.php(241): CodeIgniter\Database\BaseBuilder->get()
 3 SYSTEMPATH\BaseModel.php(618): CodeIgniter\Model->doFindAll(0, 0)
 4 APPPATH\Controllers\LibrosController.php(14): CodeIgniter\BaseModel->findAll()
 5 SYSTEMPATH\CodeIgniter.php(934): App\Controllers\LibrosController->lista()
 6 SYSTEMPATH\CodeIgniter.php(499): CodeIgniter\CodeIgniter->runController(Object(App\Controllers\LibrosController))
 7 SYSTEMPATH\CodeIgniter.php(368): CodeIgniter\CodeIgniter->handleRequest(null, Object(Config\Cache), false)
 8 FCPATH\index.php(67): CodeIgniter\CodeIgniter->run()
ERROR - 2023-03-07 13:28:02 --> mysqli_sql_exception: Table 'biblioteca.libros' doesn't exist in C:\xampp\htdocs\biblioteca\Practicas-Tecnica-LancerGroup\Practicas en PHP\biblioteca_carlos\system\Database\MySQLi\Connection.php:295
Stack trace:
#0 C:\xampp\htdocs\biblioteca\Practicas-Tecnica-LancerGroup\Practicas en PHP\biblioteca_carlos\system\Database\MySQLi\Connection.php(295): mysqli->query('SELECT *\nFROM `...', 0)
#1 C:\xampp\htdocs\biblioteca\Practicas-Tecnica-LancerGroup\Practicas en PHP\biblioteca_carlos\system\Database\BaseConnection.php(691): CodeIgniter\Database\MySQLi\Connection->execute('SELECT *\nFROM `...')
#2 C:\xampp\htdocs\biblioteca\Practicas-Tecnica-LancerGroup\Practicas en PHP\biblioteca_carlos\system\Database\BaseConnection.php(605): CodeIgniter\Database\BaseConnection->simpleQuery('SELECT *\nFROM `...')
#3 C:\xampp\htdocs\biblioteca\Practicas-Tecnica-LancerGroup\Practicas en PHP\biblioteca_carlos\system\Database\BaseBuilder.php(1616): CodeIgniter\Database\BaseConnection->query('SELECT *\nFROM `...', Array, false)
#4 C:\xampp\htdocs\biblioteca\Practicas-Tecnica-LancerGroup\Practicas en PHP\biblioteca_carlos\system\Model.php(241): CodeIgniter\Database\BaseBuilder->get()
#5 C:\xampp\htdocs\biblioteca\Practicas-Tecnica-LancerGroup\Practicas en PHP\biblioteca_carlos\system\BaseModel.php(618): CodeIgniter\Model->doFindAll(0, 0)
#6 C:\xampp\htdocs\biblioteca\Practicas-Tecnica-LancerGroup\Practicas en PHP\biblioteca_carlos\app\Controllers\LibrosController.php(14): CodeIgniter\BaseModel->findAll()
#7 C:\xampp\htdocs\biblioteca\Practicas-Tecnica-LancerGroup\Practicas en PHP\biblioteca_carlos\system\CodeIgniter.php(934): App\Controllers\LibrosController->lista()
#8 C:\xampp\htdocs\biblioteca\Practicas-Tecnica-LancerGroup\Practicas en PHP\biblioteca_carlos\system\CodeIgniter.php(499): CodeIgniter\CodeIgniter->runController(Object(App\Controllers\LibrosController))
#9 C:\xampp\htdocs\biblioteca\Practicas-Tecnica-LancerGroup\Practicas en PHP\biblioteca_carlos\system\CodeIgniter.php(368): CodeIgniter\CodeIgniter->handleRequest(NULL, Object(Config\Cache), false)
#10 C:\xampp\htdocs\biblioteca\Practicas-Tecnica-LancerGroup\Practicas en PHP\biblioteca_carlos\public\index.php(67): CodeIgniter\CodeIgniter->run()
#11 {main}
CRITICAL - 2023-03-07 13:28:02 --> Table 'biblioteca.libros' doesn't exist
in SYSTEMPATH\Database\BaseConnection.php on line 645.
 1 SYSTEMPATH\Database\BaseBuilder.php(1616): CodeIgniter\Database\BaseConnection->query('SELECT *
FROM `libros`
ORDER BY `id` ASC', [], false)
 2 SYSTEMPATH\Model.php(241): CodeIgniter\Database\BaseBuilder->get()
 3 SYSTEMPATH\BaseModel.php(618): CodeIgniter\Model->doFindAll(0, 0)
 4 APPPATH\Controllers\LibrosController.php(14): CodeIgniter\BaseModel->findAll()
 5 SYSTEMPATH\CodeIgniter.php(934): App\Controllers\LibrosController->lista()
 6 SYSTEMPATH\CodeIgniter.php(499): CodeIgniter\CodeIgniter->runController(Object(App\Controllers\LibrosController))
 7 SYSTEMPATH\CodeIgniter.php(368): CodeIgniter\CodeIgniter->handleRequest(null, Object(Config\Cache), false)
 8 FCPATH\index.php(67): CodeIgniter\CodeIgniter->run()
CRITICAL - 2023-03-07 17:33:57 --> Call to a member function getRandomName() on null
in APPPATH\Controllers\LibrosController.php on line 34.
 1 SYSTEMPATH\CodeIgniter.php(934): App\Controllers\LibrosController->guardar()
 2 SYSTEMPATH\CodeIgniter.php(499): CodeIgniter\CodeIgniter->runController(Object(App\Controllers\LibrosController))
 3 SYSTEMPATH\CodeIgniter.php(368): CodeIgniter\CodeIgniter->handleRequest(null, Object(Config\Cache), false)
 4 FCPATH\index.php(67): CodeIgniter\CodeIgniter->run()
CRITICAL - 2023-03-07 17:35:10 --> Call to a member function getRandomName() on null
in APPPATH\Controllers\LibrosController.php on line 34.
 1 SYSTEMPATH\CodeIgniter.php(934): App\Controllers\LibrosController->guardar()
 2 SYSTEMPATH\CodeIgniter.php(499): CodeIgniter\CodeIgniter->runController(Object(App\Controllers\LibrosController))
 3 SYSTEMPATH\CodeIgniter.php(368): CodeIgniter\CodeIgniter->handleRequest(null, Object(Config\Cache), false)
 4 FCPATH\index.php(67): CodeIgniter\CodeIgniter->run()
CRITICAL - 2023-03-07 17:35:22 --> Call to a member function getRandomName() on null
in APPPATH\Controllers\LibrosController.php on line 34.
 1 SYSTEMPATH\CodeIgniter.php(934): App\Controllers\LibrosController->guardar()
 2 SYSTEMPATH\CodeIgniter.php(499): CodeIgniter\CodeIgniter->runController(Object(App\Controllers\LibrosController))
 3 SYSTEMPATH\CodeIgniter.php(368): CodeIgniter\CodeIgniter->handleRequest(null, Object(Config\Cache), false)
 4 FCPATH\index.php(67): CodeIgniter\CodeIgniter->run()
CRITICAL - 2023-03-07 17:57:33 --> Call to a member function getRandomName() on null
in APPPATH\Controllers\LibrosController.php on line 34.
 1 SYSTEMPATH\CodeIgniter.php(934): App\Controllers\LibrosController->guardar()
 2 SYSTEMPATH\CodeIgniter.php(499): CodeIgniter\CodeIgniter->runController(Object(App\Controllers\LibrosController))
 3 SYSTEMPATH\CodeIgniter.php(368): CodeIgniter\CodeIgniter->handleRequest(null, Object(Config\Cache), false)
 4 FCPATH\index.php(67): CodeIgniter\CodeIgniter->run()
CRITICAL - 2023-03-07 17:58:58 --> Call to a member function getRandomName() on null
in APPPATH\Controllers\LibrosController.php on line 34.
 1 SYSTEMPATH\CodeIgniter.php(934): App\Controllers\LibrosController->guardar()
 2 SYSTEMPATH\CodeIgniter.php(499): CodeIgniter\CodeIgniter->runController(Object(App\Controllers\LibrosController))
 3 SYSTEMPATH\CodeIgniter.php(368): CodeIgniter\CodeIgniter->handleRequest(null, Object(Config\Cache), false)
 4 FCPATH\index.php(67): CodeIgniter\CodeIgniter->run()
CRITICAL - 2023-03-07 17:59:00 --> Call to a member function getRandomName() on null
in APPPATH\Controllers\LibrosController.php on line 34.
 1 SYSTEMPATH\CodeIgniter.php(934): App\Controllers\LibrosController->guardar()
 2 SYSTEMPATH\CodeIgniter.php(499): CodeIgniter\CodeIgniter->runController(Object(App\Controllers\LibrosController))
 3 SYSTEMPATH\CodeIgniter.php(368): CodeIgniter\CodeIgniter->handleRequest(null, Object(Config\Cache), false)
 4 FCPATH\index.php(67): CodeIgniter\CodeIgniter->run()
CRITICAL - 2023-03-07 17:59:01 --> Call to a member function getRandomName() on null
in APPPATH\Controllers\LibrosController.php on line 34.
 1 SYSTEMPATH\CodeIgniter.php(934): App\Controllers\LibrosController->guardar()
 2 SYSTEMPATH\CodeIgniter.php(499): CodeIgniter\CodeIgniter->runController(Object(App\Controllers\LibrosController))
 3 SYSTEMPATH\CodeIgniter.php(368): CodeIgniter\CodeIgniter->handleRequest(null, Object(Config\Cache), false)
 4 FCPATH\index.php(67): CodeIgniter\CodeIgniter->run()
CRITICAL - 2023-03-07 17:59:03 --> Call to a member function getRandomName() on null
in APPPATH\Controllers\LibrosController.php on line 34.
 1 SYSTEMPATH\CodeIgniter.php(934): App\Controllers\LibrosController->guardar()
 2 SYSTEMPATH\CodeIgniter.php(499): CodeIgniter\CodeIgniter->runController(Object(App\Controllers\LibrosController))
 3 SYSTEMPATH\CodeIgniter.php(368): CodeIgniter\CodeIgniter->handleRequest(null, Object(Config\Cache), false)
 4 FCPATH\index.php(67): CodeIgniter\CodeIgniter->run()
CRITICAL - 2023-03-07 18:07:05 --> Allowed fields must be specified for model: "App\Models\Libro"
in SYSTEMPATH\BaseModel.php on line 1242.
 1 SYSTEMPATH\BaseModel.php(1242): CodeIgniter\Database\Exceptions\DataException::forInvalidAllowedFields('App\\Models\\Libro')
 2 SYSTEMPATH\BaseModel.php(757): CodeIgniter\BaseModel->doProtectFields([...])
 3 SYSTEMPATH\Model.php(730): CodeIgniter\BaseModel->insert([...], true)
 4 APPPATH\Controllers\LibrosController.php(41): CodeIgniter\Model->insert([...])
 5 SYSTEMPATH\CodeIgniter.php(934): App\Controllers\LibrosController->guardar()
 6 SYSTEMPATH\CodeIgniter.php(499): CodeIgniter\CodeIgniter->runController(Object(App\Controllers\LibrosController))
 7 SYSTEMPATH\CodeIgniter.php(368): CodeIgniter\CodeIgniter->handleRequest(null, Object(Config\Cache), false)
 8 FCPATH\index.php(67): CodeIgniter\CodeIgniter->run()
CRITICAL - 2023-03-07 18:07:07 --> Allowed fields must be specified for model: "App\Models\Libro"
in SYSTEMPATH\BaseModel.php on line 1242.
 1 SYSTEMPATH\BaseModel.php(1242): CodeIgniter\Database\Exceptions\DataException::forInvalidAllowedFields('App\\Models\\Libro')
 2 SYSTEMPATH\BaseModel.php(757): CodeIgniter\BaseModel->doProtectFields([...])
 3 SYSTEMPATH\Model.php(730): CodeIgniter\BaseModel->insert([...], true)
 4 APPPATH\Controllers\LibrosController.php(41): CodeIgniter\Model->insert([...])
 5 SYSTEMPATH\CodeIgniter.php(934): App\Controllers\LibrosController->guardar()
 6 SYSTEMPATH\CodeIgniter.php(499): CodeIgniter\CodeIgniter->runController(Object(App\Controllers\LibrosController))
 7 SYSTEMPATH\CodeIgniter.php(368): CodeIgniter\CodeIgniter->handleRequest(null, Object(Config\Cache), false)
 8 FCPATH\index.php(67): CodeIgniter\CodeIgniter->run()
CRITICAL - 2023-03-07 18:08:09 --> Allowed fields must be specified for model: "App\Models\Libro"
in SYSTEMPATH\BaseModel.php on line 1242.
 1 SYSTEMPATH\BaseModel.php(1242): CodeIgniter\Database\Exceptions\DataException::forInvalidAllowedFields('App\\Models\\Libro')
 2 SYSTEMPATH\BaseModel.php(757): CodeIgniter\BaseModel->doProtectFields([...])
 3 SYSTEMPATH\Model.php(730): CodeIgniter\BaseModel->insert([...], true)
 4 APPPATH\Controllers\LibrosController.php(41): CodeIgniter\Model->insert([...])
 5 SYSTEMPATH\CodeIgniter.php(934): App\Controllers\LibrosController->guardar()
 6 SYSTEMPATH\CodeIgniter.php(499): CodeIgniter\CodeIgniter->runController(Object(App\Controllers\LibrosController))
 7 SYSTEMPATH\CodeIgniter.php(368): CodeIgniter\CodeIgniter->handleRequest(null, Object(Config\Cache), false)
 8 FCPATH\index.php(67): CodeIgniter\CodeIgniter->run()
CRITICAL - 2023-03-07 18:10:54 --> Allowed fields must be specified for model: "App\Models\Libro"
in SYSTEMPATH\BaseModel.php on line 1242.
 1 SYSTEMPATH\BaseModel.php(1242): CodeIgniter\Database\Exceptions\DataException::forInvalidAllowedFields('App\\Models\\Libro')
 2 SYSTEMPATH\BaseModel.php(757): CodeIgniter\BaseModel->doProtectFields([...])
 3 SYSTEMPATH\Model.php(730): CodeIgniter\BaseModel->insert([...], true)
 4 APPPATH\Controllers\LibrosController.php(41): CodeIgniter\Model->insert([...])
 5 SYSTEMPATH\CodeIgniter.php(934): App\Controllers\LibrosController->guardar()
 6 SYSTEMPATH\CodeIgniter.php(499): CodeIgniter\CodeIgniter->runController(Object(App\Controllers\LibrosController))
 7 SYSTEMPATH\CodeIgniter.php(368): CodeIgniter\CodeIgniter->handleRequest(null, Object(Config\Cache), false)
 8 FCPATH\index.php(67): CodeIgniter\CodeIgniter->run()
CRITICAL - 2023-03-07 18:11:21 --> Allowed fields must be specified for model: "App\Models\Libro"
in SYSTEMPATH\BaseModel.php on line 1242.
 1 SYSTEMPATH\BaseModel.php(1242): CodeIgniter\Database\Exceptions\DataException::forInvalidAllowedFields('App\\Models\\Libro')
 2 SYSTEMPATH\BaseModel.php(757): CodeIgniter\BaseModel->doProtectFields([...])
 3 SYSTEMPATH\Model.php(730): CodeIgniter\BaseModel->insert([...], true)
 4 APPPATH\Controllers\LibrosController.php(40): CodeIgniter\Model->insert([...])
 5 SYSTEMPATH\CodeIgniter.php(934): App\Controllers\LibrosController->guardar()
 6 SYSTEMPATH\CodeIgniter.php(499): CodeIgniter\CodeIgniter->runController(Object(App\Controllers\LibrosController))
 7 SYSTEMPATH\CodeIgniter.php(368): CodeIgniter\CodeIgniter->handleRequest(null, Object(Config\Cache), false)
 8 FCPATH\index.php(67): CodeIgniter\CodeIgniter->run()
CRITICAL - 2023-03-07 18:17:32 --> Allowed fields must be specified for model: "App\Models\Libro"
in SYSTEMPATH\BaseModel.php on line 1242.
 1 SYSTEMPATH\BaseModel.php(1242): CodeIgniter\Database\Exceptions\DataException::forInvalidAllowedFields('App\\Models\\Libro')
 2 SYSTEMPATH\BaseModel.php(757): CodeIgniter\BaseModel->doProtectFields([...])
 3 SYSTEMPATH\Model.php(730): CodeIgniter\BaseModel->insert([...], true)
 4 APPPATH\Controllers\LibrosController.php(39): CodeIgniter\Model->insert([...])
 5 SYSTEMPATH\CodeIgniter.php(934): App\Controllers\LibrosController->guardar()
 6 SYSTEMPATH\CodeIgniter.php(499): CodeIgniter\CodeIgniter->runController(Object(App\Controllers\LibrosController))
 7 SYSTEMPATH\CodeIgniter.php(368): CodeIgniter\CodeIgniter->handleRequest(null, Object(Config\Cache), false)
 8 FCPATH\index.php(67): CodeIgniter\CodeIgniter->run()
CRITICAL - 2023-03-07 18:17:34 --> Allowed fields must be specified for model: "App\Models\Libro"
in SYSTEMPATH\BaseModel.php on line 1242.
 1 SYSTEMPATH\BaseModel.php(1242): CodeIgniter\Database\Exceptions\DataException::forInvalidAllowedFields('App\\Models\\Libro')
 2 SYSTEMPATH\BaseModel.php(757): CodeIgniter\BaseModel->doProtectFields([...])
 3 SYSTEMPATH\Model.php(730): CodeIgniter\BaseModel->insert([...], true)
 4 APPPATH\Controllers\LibrosController.php(39): CodeIgniter\Model->insert([...])
 5 SYSTEMPATH\CodeIgniter.php(934): App\Controllers\LibrosController->guardar()
 6 SYSTEMPATH\CodeIgniter.php(499): CodeIgniter\CodeIgniter->runController(Object(App\Controllers\LibrosController))
 7 SYSTEMPATH\CodeIgniter.php(368): CodeIgniter\CodeIgniter->handleRequest(null, Object(Config\Cache), false)
 8 FCPATH\index.php(67): CodeIgniter\CodeIgniter->run()
CRITICAL - 2023-03-07 18:18:37 --> syntax error, unexpected token ";"
in APPPATH\Controllers\LibrosController.php on line 32.
 1 SYSTEMPATH\Autoloader\Autoloader.php(289): CodeIgniter\Autoloader\Autoloader->includeFile('APPPATH\\Controllers\\LibrosController.php')
 2 SYSTEMPATH\Autoloader\Autoloader.php(267): CodeIgniter\Autoloader\Autoloader->loadInNamespace('App\\Controllers\\LibrosController')
 3 [internal function]: CodeIgniter\Autoloader\Autoloader->loadClass('App\\Controllers\\LibrosController')
 4 SYSTEMPATH\CodeIgniter.php(892): class_exists('\\App\\Controllers\\LibrosController', true)
 5 SYSTEMPATH\CodeIgniter.php(486): CodeIgniter\CodeIgniter->startController()
 6 SYSTEMPATH\CodeIgniter.php(368): CodeIgniter\CodeIgniter->handleRequest(null, Object(Config\Cache), false)
 7 FCPATH\index.php(67): CodeIgniter\CodeIgniter->run()
CRITICAL - 2023-03-07 18:20:08 --> syntax error, unexpected token "}", expecting ";"
in APPPATH\Controllers\LibrosController.php on line 43.
 1 SYSTEMPATH\Autoloader\Autoloader.php(289): CodeIgniter\Autoloader\Autoloader->includeFile('APPPATH\\Controllers\\LibrosController.php')
 2 SYSTEMPATH\Autoloader\Autoloader.php(267): CodeIgniter\Autoloader\Autoloader->loadInNamespace('App\\Controllers\\LibrosController')
 3 [internal function]: CodeIgniter\Autoloader\Autoloader->loadClass('App\\Controllers\\LibrosController')
 4 SYSTEMPATH\CodeIgniter.php(892): class_exists('\\App\\Controllers\\LibrosController', true)
 5 SYSTEMPATH\CodeIgniter.php(486): CodeIgniter\CodeIgniter->startController()
 6 SYSTEMPATH\CodeIgniter.php(368): CodeIgniter\CodeIgniter->handleRequest(null, Object(Config\Cache), false)
 7 FCPATH\index.php(67): CodeIgniter\CodeIgniter->run()
CRITICAL - 2023-03-07 18:21:07 --> Allowed fields must be specified for model: "App\Models\Libro"
in SYSTEMPATH\BaseModel.php on line 1242.
 1 SYSTEMPATH\BaseModel.php(1242): CodeIgniter\Database\Exceptions\DataException::forInvalidAllowedFields('App\\Models\\Libro')
 2 SYSTEMPATH\BaseModel.php(757): CodeIgniter\BaseModel->doProtectFields([...])
 3 SYSTEMPATH\Model.php(730): CodeIgniter\BaseModel->insert([...], true)
 4 APPPATH\Controllers\LibrosController.php(38): CodeIgniter\Model->insert([...])
 5 SYSTEMPATH\CodeIgniter.php(934): App\Controllers\LibrosController->guardar()
 6 SYSTEMPATH\CodeIgniter.php(499): CodeIgniter\CodeIgniter->runController(Object(App\Controllers\LibrosController))
 7 SYSTEMPATH\CodeIgniter.php(368): CodeIgniter\CodeIgniter->handleRequest(null, Object(Config\Cache), false)
 8 FCPATH\index.php(67): CodeIgniter\CodeIgniter->run()
CRITICAL - 2023-03-07 18:27:18 --> Allowed fields must be specified for model: "App\Models\Libro"
in SYSTEMPATH\BaseModel.php on line 1242.
 1 SYSTEMPATH\BaseModel.php(1242): CodeIgniter\Database\Exceptions\DataException::forInvalidAllowedFields('App\\Models\\Libro')
 2 SYSTEMPATH\BaseModel.php(757): CodeIgniter\BaseModel->doProtectFields([...])
 3 SYSTEMPATH\Model.php(730): CodeIgniter\BaseModel->insert([...], true)
 4 APPPATH\Controllers\LibrosController.php(39): CodeIgniter\Model->insert([...])
 5 SYSTEMPATH\CodeIgniter.php(934): App\Controllers\LibrosController->guardar()
 6 SYSTEMPATH\CodeIgniter.php(499): CodeIgniter\CodeIgniter->runController(Object(App\Controllers\LibrosController))
 7 SYSTEMPATH\CodeIgniter.php(368): CodeIgniter\CodeIgniter->handleRequest(null, Object(Config\Cache), false)
 8 FCPATH\index.php(67): CodeIgniter\CodeIgniter->run()
CRITICAL - 2023-03-07 18:27:20 --> Allowed fields must be specified for model: "App\Models\Libro"
in SYSTEMPATH\BaseModel.php on line 1242.
 1 SYSTEMPATH\BaseModel.php(1242): CodeIgniter\Database\Exceptions\DataException::forInvalidAllowedFields('App\\Models\\Libro')
 2 SYSTEMPATH\BaseModel.php(757): CodeIgniter\BaseModel->doProtectFields([...])
 3 SYSTEMPATH\Model.php(730): CodeIgniter\BaseModel->insert([...], true)
 4 APPPATH\Controllers\LibrosController.php(39): CodeIgniter\Model->insert([...])
 5 SYSTEMPATH\CodeIgniter.php(934): App\Controllers\LibrosController->guardar()
 6 SYSTEMPATH\CodeIgniter.php(499): CodeIgniter\CodeIgniter->runController(Object(App\Controllers\LibrosController))
 7 SYSTEMPATH\CodeIgniter.php(368): CodeIgniter\CodeIgniter->handleRequest(null, Object(Config\Cache), false)
 8 FCPATH\index.php(67): CodeIgniter\CodeIgniter->run()
CRITICAL - 2023-03-07 18:31:39 --> Allowed fields must be specified for model: "App\Models\Libro"
in SYSTEMPATH\BaseModel.php on line 1242.
 1 SYSTEMPATH\BaseModel.php(1242): CodeIgniter\Database\Exceptions\DataException::forInvalidAllowedFields('App\\Models\\Libro')
 2 SYSTEMPATH\BaseModel.php(757): CodeIgniter\BaseModel->doProtectFields([...])
 3 SYSTEMPATH\Model.php(730): CodeIgniter\BaseModel->insert([...], true)
 4 APPPATH\Controllers\LibrosController.php(39): CodeIgniter\Model->insert([...])
 5 SYSTEMPATH\CodeIgniter.php(934): App\Controllers\LibrosController->guardar()
 6 SYSTEMPATH\CodeIgniter.php(499): CodeIgniter\CodeIgniter->runController(Object(App\Controllers\LibrosController))
 7 SYSTEMPATH\CodeIgniter.php(368): CodeIgniter\CodeIgniter->handleRequest(null, Object(Config\Cache), false)
 8 FCPATH\index.php(67): CodeIgniter\CodeIgniter->run()
CRITICAL - 2023-03-07 18:31:40 --> Allowed fields must be specified for model: "App\Models\Libro"
in SYSTEMPATH\BaseModel.php on line 1242.
 1 SYSTEMPATH\BaseModel.php(1242): CodeIgniter\Database\Exceptions\DataException::forInvalidAllowedFields('App\\Models\\Libro')
 2 SYSTEMPATH\BaseModel.php(757): CodeIgniter\BaseModel->doProtectFields([...])
 3 SYSTEMPATH\Model.php(730): CodeIgniter\BaseModel->insert([...], true)
 4 APPPATH\Controllers\LibrosController.php(39): CodeIgniter\Model->insert([...])
 5 SYSTEMPATH\CodeIgniter.php(934): App\Controllers\LibrosController->guardar()
 6 SYSTEMPATH\CodeIgniter.php(499): CodeIgniter\CodeIgniter->runController(Object(App\Controllers\LibrosController))
 7 SYSTEMPATH\CodeIgniter.php(368): CodeIgniter\CodeIgniter->handleRequest(null, Object(Config\Cache), false)
 8 FCPATH\index.php(67): CodeIgniter\CodeIgniter->run()
CRITICAL - 2023-03-07 18:43:19 --> Allowed fields must be specified for model: "App\Models\Libro"
in SYSTEMPATH\BaseModel.php on line 1242.
 1 SYSTEMPATH\BaseModel.php(1242): CodeIgniter\Database\Exceptions\DataException::forInvalidAllowedFields('App\\Models\\Libro')
 2 SYSTEMPATH\BaseModel.php(757): CodeIgniter\BaseModel->doProtectFields([...])
 3 SYSTEMPATH\Model.php(730): CodeIgniter\BaseModel->insert([...], true)
 4 APPPATH\Controllers\LibrosController.php(39): CodeIgniter\Model->insert([...])
 5 SYSTEMPATH\CodeIgniter.php(934): App\Controllers\LibrosController->guardar()
 6 SYSTEMPATH\CodeIgniter.php(499): CodeIgniter\CodeIgniter->runController(Object(App\Controllers\LibrosController))
 7 SYSTEMPATH\CodeIgniter.php(368): CodeIgniter\CodeIgniter->handleRequest(null, Object(Config\Cache), false)
 8 FCPATH\index.php(67): CodeIgniter\CodeIgniter->run()
CRITICAL - 2023-03-07 18:43:57 --> Allowed fields must be specified for model: "App\Models\Libro"
in SYSTEMPATH\BaseModel.php on line 1242.
 1 SYSTEMPATH\BaseModel.php(1242): CodeIgniter\Database\Exceptions\DataException::forInvalidAllowedFields('App\\Models\\Libro')
 2 SYSTEMPATH\BaseModel.php(757): CodeIgniter\BaseModel->doProtectFields([...])
 3 SYSTEMPATH\Model.php(730): CodeIgniter\BaseModel->insert([...], true)
 4 APPPATH\Controllers\LibrosController.php(39): CodeIgniter\Model->insert([...])
 5 SYSTEMPATH\CodeIgniter.php(934): App\Controllers\LibrosController->guardar()
 6 SYSTEMPATH\CodeIgniter.php(499): CodeIgniter\CodeIgniter->runController(Object(App\Controllers\LibrosController))
 7 SYSTEMPATH\CodeIgniter.php(368): CodeIgniter\CodeIgniter->handleRequest(null, Object(Config\Cache), false)
 8 FCPATH\index.php(67): CodeIgniter\CodeIgniter->run()
CRITICAL - 2023-03-07 18:52:27 --> Allowed fields must be specified for model: "App\Models\Libro"
in SYSTEMPATH\BaseModel.php on line 1242.
 1 SYSTEMPATH\BaseModel.php(1242): CodeIgniter\Database\Exceptions\DataException::forInvalidAllowedFields('App\\Models\\Libro')
 2 SYSTEMPATH\BaseModel.php(757): CodeIgniter\BaseModel->doProtectFields([...])
 3 SYSTEMPATH\Model.php(730): CodeIgniter\BaseModel->insert([...], true)
 4 APPPATH\Controllers\LibrosController.php(41): CodeIgniter\Model->insert([...])
 5 SYSTEMPATH\CodeIgniter.php(934): App\Controllers\LibrosController->guardar()
 6 SYSTEMPATH\CodeIgniter.php(499): CodeIgniter\CodeIgniter->runController(Object(App\Controllers\LibrosController))
 7 SYSTEMPATH\CodeIgniter.php(368): CodeIgniter\CodeIgniter->handleRequest(null, Object(Config\Cache), false)
 8 FCPATH\index.php(67): CodeIgniter\CodeIgniter->run()
CRITICAL - 2023-03-07 18:55:36 --> Allowed fields must be specified for model: "App\Models\Libro"
in SYSTEMPATH\BaseModel.php on line 1242.
 1 SYSTEMPATH\BaseModel.php(1242): CodeIgniter\Database\Exceptions\DataException::forInvalidAllowedFields('App\\Models\\Libro')
 2 SYSTEMPATH\BaseModel.php(757): CodeIgniter\BaseModel->doProtectFields([...])
 3 SYSTEMPATH\Model.php(730): CodeIgniter\BaseModel->insert([...], true)
 4 APPPATH\Controllers\LibrosController.php(42): CodeIgniter\Model->insert([...])
 5 SYSTEMPATH\CodeIgniter.php(934): App\Controllers\LibrosController->guardar()
 6 SYSTEMPATH\CodeIgniter.php(499): CodeIgniter\CodeIgniter->runController(Object(App\Controllers\LibrosController))
 7 SYSTEMPATH\CodeIgniter.php(368): CodeIgniter\CodeIgniter->handleRequest(null, Object(Config\Cache), false)
 8 FCPATH\index.php(67): CodeIgniter\CodeIgniter->run()
CRITICAL - 2023-03-07 18:55:44 --> Allowed fields must be specified for model: "App\Models\Libro"
in SYSTEMPATH\BaseModel.php on line 1242.
 1 SYSTEMPATH\BaseModel.php(1242): CodeIgniter\Database\Exceptions\DataException::forInvalidAllowedFields('App\\Models\\Libro')
 2 SYSTEMPATH\BaseModel.php(757): CodeIgniter\BaseModel->doProtectFields([...])
 3 SYSTEMPATH\Model.php(730): CodeIgniter\BaseModel->insert([...], true)
 4 APPPATH\Controllers\LibrosController.php(42): CodeIgniter\Model->insert([...])
 5 SYSTEMPATH\CodeIgniter.php(934): App\Controllers\LibrosController->guardar()
 6 SYSTEMPATH\CodeIgniter.php(499): CodeIgniter\CodeIgniter->runController(Object(App\Controllers\LibrosController))
 7 SYSTEMPATH\CodeIgniter.php(368): CodeIgniter\CodeIgniter->handleRequest(null, Object(Config\Cache), false)
 8 FCPATH\index.php(67): CodeIgniter\CodeIgniter->run()
ERROR - 2023-03-07 21:34:43 --> mysqli_sql_exception: Column 'apellido' cannot be null in C:\xampp\htdocs\biblioteca\Practicas-Tecnica-LancerGroup\Practicas en PHP\biblioteca_carlos\system\Database\MySQLi\Connection.php:295
Stack trace:
#0 C:\xampp\htdocs\biblioteca\Practicas-Tecnica-LancerGroup\Practicas en PHP\biblioteca_carlos\system\Database\MySQLi\Connection.php(295): mysqli->query('INSERT INTO `au...', 0)
#1 C:\xampp\htdocs\biblioteca\Practicas-Tecnica-LancerGroup\Practicas en PHP\biblioteca_carlos\system\Database\BaseConnection.php(691): CodeIgniter\Database\MySQLi\Connection->execute('INSERT INTO `au...')
#2 C:\xampp\htdocs\biblioteca\Practicas-Tecnica-LancerGroup\Practicas en PHP\biblioteca_carlos\system\Database\BaseConnection.php(605): CodeIgniter\Database\BaseConnection->simpleQuery('INSERT INTO `au...')
#3 C:\xampp\htdocs\biblioteca\Practicas-Tecnica-LancerGroup\Practicas en PHP\biblioteca_carlos\system\Database\BaseBuilder.php(2309): CodeIgniter\Database\BaseConnection->query('INSERT INTO `au...', Array, false)
#4 C:\xampp\htdocs\biblioteca\Practicas-Tecnica-LancerGroup\Practicas en PHP\biblioteca_carlos\system\Model.php(330): CodeIgniter\Database\BaseBuilder->insert()
#5 C:\xampp\htdocs\biblioteca\Practicas-Tecnica-LancerGroup\Practicas en PHP\biblioteca_carlos\system\BaseModel.php(782): CodeIgniter\Model->doInsert(Array)
#6 C:\xampp\htdocs\biblioteca\Practicas-Tecnica-LancerGroup\Practicas en PHP\biblioteca_carlos\system\Model.php(730): CodeIgniter\BaseModel->insert(Array, true)
#7 C:\xampp\htdocs\biblioteca\Practicas-Tecnica-LancerGroup\Practicas en PHP\biblioteca_carlos\app\Controllers\AutoresController.php(45): CodeIgniter\Model->insert(Array)
#8 C:\xampp\htdocs\biblioteca\Practicas-Tecnica-LancerGroup\Practicas en PHP\biblioteca_carlos\system\CodeIgniter.php(934): App\Controllers\AutoresController->guardar()
#9 C:\xampp\htdocs\biblioteca\Practicas-Tecnica-LancerGroup\Practicas en PHP\biblioteca_carlos\system\CodeIgniter.php(499): CodeIgniter\CodeIgniter->runController(Object(App\Controllers\AutoresController))
#10 C:\xampp\htdocs\biblioteca\Practicas-Tecnica-LancerGroup\Practicas en PHP\biblioteca_carlos\system\CodeIgniter.php(368): CodeIgniter\CodeIgniter->handleRequest(NULL, Object(Config\Cache), false)
#11 C:\xampp\htdocs\biblioteca\Practicas-Tecnica-LancerGroup\Practicas en PHP\biblioteca_carlos\public\index.php(67): CodeIgniter\CodeIgniter->run()
#12 {main}
CRITICAL - 2023-03-07 21:34:43 --> Column 'apellido' cannot be null
in SYSTEMPATH\Database\BaseConnection.php on line 645.
 1 SYSTEMPATH\Database\BaseBuilder.php(2309): CodeIgniter\Database\BaseConnection->query('INSERT INTO `autores` (`nombre`, `apellido`, `pais`, `fechaCreacion`) VALUES (:nombre:, :apellido:, :pais:, :fechaCreacion:)', [...], false)
 2 SYSTEMPATH\Model.php(330): CodeIgniter\Database\BaseBuilder->insert()
 3 SYSTEMPATH\BaseModel.php(782): CodeIgniter\Model->doInsert([...])
 4 SYSTEMPATH\Model.php(730): CodeIgniter\BaseModel->insert([...], true)
 5 APPPATH\Controllers\AutoresController.php(45): CodeIgniter\Model->insert([...])
 6 SYSTEMPATH\CodeIgniter.php(934): App\Controllers\AutoresController->guardar()
 7 SYSTEMPATH\CodeIgniter.php(499): CodeIgniter\CodeIgniter->runController(Object(App\Controllers\AutoresController))
 8 SYSTEMPATH\CodeIgniter.php(368): CodeIgniter\CodeIgniter->handleRequest(null, Object(Config\Cache), false)
 9 FCPATH\index.php(67): CodeIgniter\CodeIgniter->run()
ERROR - 2023-03-07 21:34:45 --> mysqli_sql_exception: Column 'apellido' cannot be null in C:\xampp\htdocs\biblioteca\Practicas-Tecnica-LancerGroup\Practicas en PHP\biblioteca_carlos\system\Database\MySQLi\Connection.php:295
Stack trace:
#0 C:\xampp\htdocs\biblioteca\Practicas-Tecnica-LancerGroup\Practicas en PHP\biblioteca_carlos\system\Database\MySQLi\Connection.php(295): mysqli->query('INSERT INTO `au...', 0)
#1 C:\xampp\htdocs\biblioteca\Practicas-Tecnica-LancerGroup\Practicas en PHP\biblioteca_carlos\system\Database\BaseConnection.php(691): CodeIgniter\Database\MySQLi\Connection->execute('INSERT INTO `au...')
#2 C:\xampp\htdocs\biblioteca\Practicas-Tecnica-LancerGroup\Practicas en PHP\biblioteca_carlos\system\Database\BaseConnection.php(605): CodeIgniter\Database\BaseConnection->simpleQuery('INSERT INTO `au...')
#3 C:\xampp\htdocs\biblioteca\Practicas-Tecnica-LancerGroup\Practicas en PHP\biblioteca_carlos\system\Database\BaseBuilder.php(2309): CodeIgniter\Database\BaseConnection->query('INSERT INTO `au...', Array, false)
#4 C:\xampp\htdocs\biblioteca\Practicas-Tecnica-LancerGroup\Practicas en PHP\biblioteca_carlos\system\Model.php(330): CodeIgniter\Database\BaseBuilder->insert()
#5 C:\xampp\htdocs\biblioteca\Practicas-Tecnica-LancerGroup\Practicas en PHP\biblioteca_carlos\system\BaseModel.php(782): CodeIgniter\Model->doInsert(Array)
#6 C:\xampp\htdocs\biblioteca\Practicas-Tecnica-LancerGroup\Practicas en PHP\biblioteca_carlos\system\Model.php(730): CodeIgniter\BaseModel->insert(Array, true)
#7 C:\xampp\htdocs\biblioteca\Practicas-Tecnica-LancerGroup\Practicas en PHP\biblioteca_carlos\app\Controllers\AutoresController.php(45): CodeIgniter\Model->insert(Array)
#8 C:\xampp\htdocs\biblioteca\Practicas-Tecnica-LancerGroup\Practicas en PHP\biblioteca_carlos\system\CodeIgniter.php(934): App\Controllers\AutoresController->guardar()
#9 C:\xampp\htdocs\biblioteca\Practicas-Tecnica-LancerGroup\Practicas en PHP\biblioteca_carlos\system\CodeIgniter.php(499): CodeIgniter\CodeIgniter->runController(Object(App\Controllers\AutoresController))
#10 C:\xampp\htdocs\biblioteca\Practicas-Tecnica-LancerGroup\Practicas en PHP\biblioteca_carlos\system\CodeIgniter.php(368): CodeIgniter\CodeIgniter->handleRequest(NULL, Object(Config\Cache), false)
#11 C:\xampp\htdocs\biblioteca\Practicas-Tecnica-LancerGroup\Practicas en PHP\biblioteca_carlos\public\index.php(67): CodeIgniter\CodeIgniter->run()
#12 {main}
CRITICAL - 2023-03-07 21:34:45 --> Column 'apellido' cannot be null
in SYSTEMPATH\Database\BaseConnection.php on line 645.
 1 SYSTEMPATH\Database\BaseBuilder.php(2309): CodeIgniter\Database\BaseConnection->query('INSERT INTO `autores` (`nombre`, `apellido`, `pais`, `fechaCreacion`) VALUES (:nombre:, :apellido:, :pais:, :fechaCreacion:)', [...], false)
 2 SYSTEMPATH\Model.php(330): CodeIgniter\Database\BaseBuilder->insert()
 3 SYSTEMPATH\BaseModel.php(782): CodeIgniter\Model->doInsert([...])
 4 SYSTEMPATH\Model.php(730): CodeIgniter\BaseModel->insert([...], true)
 5 APPPATH\Controllers\AutoresController.php(45): CodeIgniter\Model->insert([...])
 6 SYSTEMPATH\CodeIgniter.php(934): App\Controllers\AutoresController->guardar()
 7 SYSTEMPATH\CodeIgniter.php(499): CodeIgniter\CodeIgniter->runController(Object(App\Controllers\AutoresController))
 8 SYSTEMPATH\CodeIgniter.php(368): CodeIgniter\CodeIgniter->handleRequest(null, Object(Config\Cache), false)
 9 FCPATH\index.php(67): CodeIgniter\CodeIgniter->run()
ERROR - 2023-03-07 21:34:54 --> mysqli_sql_exception: Column 'apellido' cannot be null in C:\xampp\htdocs\biblioteca\Practicas-Tecnica-LancerGroup\Practicas en PHP\biblioteca_carlos\system\Database\MySQLi\Connection.php:295
Stack trace:
#0 C:\xampp\htdocs\biblioteca\Practicas-Tecnica-LancerGroup\Practicas en PHP\biblioteca_carlos\system\Database\MySQLi\Connection.php(295): mysqli->query('INSERT INTO `au...', 0)
#1 C:\xampp\htdocs\biblioteca\Practicas-Tecnica-LancerGroup\Practicas en PHP\biblioteca_carlos\system\Database\BaseConnection.php(691): CodeIgniter\Database\MySQLi\Connection->execute('INSERT INTO `au...')
#2 C:\xampp\htdocs\biblioteca\Practicas-Tecnica-LancerGroup\Practicas en PHP\biblioteca_carlos\system\Database\BaseConnection.php(605): CodeIgniter\Database\BaseConnection->simpleQuery('INSERT INTO `au...')
#3 C:\xampp\htdocs\biblioteca\Practicas-Tecnica-LancerGroup\Practicas en PHP\biblioteca_carlos\system\Database\BaseBuilder.php(2309): CodeIgniter\Database\BaseConnection->query('INSERT INTO `au...', Array, false)
#4 C:\xampp\htdocs\biblioteca\Practicas-Tecnica-LancerGroup\Practicas en PHP\biblioteca_carlos\system\Model.php(330): CodeIgniter\Database\BaseBuilder->insert()
#5 C:\xampp\htdocs\biblioteca\Practicas-Tecnica-LancerGroup\Practicas en PHP\biblioteca_carlos\system\BaseModel.php(782): CodeIgniter\Model->doInsert(Array)
#6 C:\xampp\htdocs\biblioteca\Practicas-Tecnica-LancerGroup\Practicas en PHP\biblioteca_carlos\system\Model.php(730): CodeIgniter\BaseModel->insert(Array, true)
#7 C:\xampp\htdocs\biblioteca\Practicas-Tecnica-LancerGroup\Practicas en PHP\biblioteca_carlos\app\Controllers\AutoresController.php(45): CodeIgniter\Model->insert(Array)
#8 C:\xampp\htdocs\biblioteca\Practicas-Tecnica-LancerGroup\Practicas en PHP\biblioteca_carlos\system\CodeIgniter.php(934): App\Controllers\AutoresController->guardar()
#9 C:\xampp\htdocs\biblioteca\Practicas-Tecnica-LancerGroup\Practicas en PHP\biblioteca_carlos\system\CodeIgniter.php(499): CodeIgniter\CodeIgniter->runController(Object(App\Controllers\AutoresController))
#10 C:\xampp\htdocs\biblioteca\Practicas-Tecnica-LancerGroup\Practicas en PHP\biblioteca_carlos\system\CodeIgniter.php(368): CodeIgniter\CodeIgniter->handleRequest(NULL, Object(Config\Cache), false)
#11 C:\xampp\htdocs\biblioteca\Practicas-Tecnica-LancerGroup\Practicas en PHP\biblioteca_carlos\public\index.php(67): CodeIgniter\CodeIgniter->run()
#12 {main}
CRITICAL - 2023-03-07 21:34:54 --> Column 'apellido' cannot be null
in SYSTEMPATH\Database\BaseConnection.php on line 645.
 1 SYSTEMPATH\Database\BaseBuilder.php(2309): CodeIgniter\Database\BaseConnection->query('INSERT INTO `autores` (`nombre`, `apellido`, `pais`, `fechaCreacion`) VALUES (:nombre:, :apellido:, :pais:, :fechaCreacion:)', [...], false)
 2 SYSTEMPATH\Model.php(330): CodeIgniter\Database\BaseBuilder->insert()
 3 SYSTEMPATH\BaseModel.php(782): CodeIgniter\Model->doInsert([...])
 4 SYSTEMPATH\Model.php(730): CodeIgniter\BaseModel->insert([...], true)
 5 APPPATH\Controllers\AutoresController.php(45): CodeIgniter\Model->insert([...])
 6 SYSTEMPATH\CodeIgniter.php(934): App\Controllers\AutoresController->guardar()
 7 SYSTEMPATH\CodeIgniter.php(499): CodeIgniter\CodeIgniter->runController(Object(App\Controllers\AutoresController))
 8 SYSTEMPATH\CodeIgniter.php(368): CodeIgniter\CodeIgniter->handleRequest(null, Object(Config\Cache), false)
 9 FCPATH\index.php(67): CodeIgniter\CodeIgniter->run()
ERROR - 2023-03-07 21:35:52 --> mysqli_sql_exception: Column 'apellido' cannot be null in C:\xampp\htdocs\biblioteca\Practicas-Tecnica-LancerGroup\Practicas en PHP\biblioteca_carlos\system\Database\MySQLi\Connection.php:295
Stack trace:
#0 C:\xampp\htdocs\biblioteca\Practicas-Tecnica-LancerGroup\Practicas en PHP\biblioteca_carlos\system\Database\MySQLi\Connection.php(295): mysqli->query('INSERT INTO `au...', 0)
#1 C:\xampp\htdocs\biblioteca\Practicas-Tecnica-LancerGroup\Practicas en PHP\biblioteca_carlos\system\Database\BaseConnection.php(691): CodeIgniter\Database\MySQLi\Connection->execute('INSERT INTO `au...')
#2 C:\xampp\htdocs\biblioteca\Practicas-Tecnica-LancerGroup\Practicas en PHP\biblioteca_carlos\system\Database\BaseConnection.php(605): CodeIgniter\Database\BaseConnection->simpleQuery('INSERT INTO `au...')
#3 C:\xampp\htdocs\biblioteca\Practicas-Tecnica-LancerGroup\Practicas en PHP\biblioteca_carlos\system\Database\BaseBuilder.php(2309): CodeIgniter\Database\BaseConnection->query('INSERT INTO `au...', Array, false)
#4 C:\xampp\htdocs\biblioteca\Practicas-Tecnica-LancerGroup\Practicas en PHP\biblioteca_carlos\system\Model.php(330): CodeIgniter\Database\BaseBuilder->insert()
#5 C:\xampp\htdocs\biblioteca\Practicas-Tecnica-LancerGroup\Practicas en PHP\biblioteca_carlos\system\BaseModel.php(782): CodeIgniter\Model->doInsert(Array)
#6 C:\xampp\htdocs\biblioteca\Practicas-Tecnica-LancerGroup\Practicas en PHP\biblioteca_carlos\system\Model.php(730): CodeIgniter\BaseModel->insert(Array, true)
#7 C:\xampp\htdocs\biblioteca\Practicas-Tecnica-LancerGroup\Practicas en PHP\biblioteca_carlos\app\Controllers\AutoresController.php(45): CodeIgniter\Model->insert(Array)
#8 C:\xampp\htdocs\biblioteca\Practicas-Tecnica-LancerGroup\Practicas en PHP\biblioteca_carlos\system\CodeIgniter.php(934): App\Controllers\AutoresController->guardar()
#9 C:\xampp\htdocs\biblioteca\Practicas-Tecnica-LancerGroup\Practicas en PHP\biblioteca_carlos\system\CodeIgniter.php(499): CodeIgniter\CodeIgniter->runController(Object(App\Controllers\AutoresController))
#10 C:\xampp\htdocs\biblioteca\Practicas-Tecnica-LancerGroup\Practicas en PHP\biblioteca_carlos\system\CodeIgniter.php(368): CodeIgniter\CodeIgniter->handleRequest(NULL, Object(Config\Cache), false)
#11 C:\xampp\htdocs\biblioteca\Practicas-Tecnica-LancerGroup\Practicas en PHP\biblioteca_carlos\public\index.php(67): CodeIgniter\CodeIgniter->run()
#12 {main}
CRITICAL - 2023-03-07 21:35:52 --> Column 'apellido' cannot be null
in SYSTEMPATH\Database\BaseConnection.php on line 645.
 1 SYSTEMPATH\Database\BaseBuilder.php(2309): CodeIgniter\Database\BaseConnection->query('INSERT INTO `autores` (`nombre`, `apellido`, `pais`, `fechaCreacion`) VALUES (:nombre:, :apellido:, :pais:, :fechaCreacion:)', [...], false)
 2 SYSTEMPATH\Model.php(330): CodeIgniter\Database\BaseBuilder->insert()
 3 SYSTEMPATH\BaseModel.php(782): CodeIgniter\Model->doInsert([...])
 4 SYSTEMPATH\Model.php(730): CodeIgniter\BaseModel->insert([...], true)
 5 APPPATH\Controllers\AutoresController.php(45): CodeIgniter\Model->insert([...])
 6 SYSTEMPATH\CodeIgniter.php(934): App\Controllers\AutoresController->guardar()
 7 SYSTEMPATH\CodeIgniter.php(499): CodeIgniter\CodeIgniter->runController(Object(App\Controllers\AutoresController))
 8 SYSTEMPATH\CodeIgniter.php(368): CodeIgniter\CodeIgniter->handleRequest(null, Object(Config\Cache), false)
 9 FCPATH\index.php(67): CodeIgniter\CodeIgniter->run()
ERROR - 2023-03-07 21:36:01 --> mysqli_sql_exception: Column 'apellido' cannot be null in C:\xampp\htdocs\biblioteca\Practicas-Tecnica-LancerGroup\Practicas en PHP\biblioteca_carlos\system\Database\MySQLi\Connection.php:295
Stack trace:
#0 C:\xampp\htdocs\biblioteca\Practicas-Tecnica-LancerGroup\Practicas en PHP\biblioteca_carlos\system\Database\MySQLi\Connection.php(295): mysqli->query('INSERT INTO `au...', 0)
#1 C:\xampp\htdocs\biblioteca\Practicas-Tecnica-LancerGroup\Practicas en PHP\biblioteca_carlos\system\Database\BaseConnection.php(691): CodeIgniter\Database\MySQLi\Connection->execute('INSERT INTO `au...')
#2 C:\xampp\htdocs\biblioteca\Practicas-Tecnica-LancerGroup\Practicas en PHP\biblioteca_carlos\system\Database\BaseConnection.php(605): CodeIgniter\Database\BaseConnection->simpleQuery('INSERT INTO `au...')
#3 C:\xampp\htdocs\biblioteca\Practicas-Tecnica-LancerGroup\Practicas en PHP\biblioteca_carlos\system\Database\BaseBuilder.php(2309): CodeIgniter\Database\BaseConnection->query('INSERT INTO `au...', Array, false)
#4 C:\xampp\htdocs\biblioteca\Practicas-Tecnica-LancerGroup\Practicas en PHP\biblioteca_carlos\system\Model.php(330): CodeIgniter\Database\BaseBuilder->insert()
#5 C:\xampp\htdocs\biblioteca\Practicas-Tecnica-LancerGroup\Practicas en PHP\biblioteca_carlos\system\BaseModel.php(782): CodeIgniter\Model->doInsert(Array)
#6 C:\xampp\htdocs\biblioteca\Practicas-Tecnica-LancerGroup\Practicas en PHP\biblioteca_carlos\system\Model.php(730): CodeIgniter\BaseModel->insert(Array, true)
#7 C:\xampp\htdocs\biblioteca\Practicas-Tecnica-LancerGroup\Practicas en PHP\biblioteca_carlos\app\Controllers\AutoresController.php(45): CodeIgniter\Model->insert(Array)
#8 C:\xampp\htdocs\biblioteca\Practicas-Tecnica-LancerGroup\Practicas en PHP\biblioteca_carlos\system\CodeIgniter.php(934): App\Controllers\AutoresController->guardar()
#9 C:\xampp\htdocs\biblioteca\Practicas-Tecnica-LancerGroup\Practicas en PHP\biblioteca_carlos\system\CodeIgniter.php(499): CodeIgniter\CodeIgniter->runController(Object(App\Controllers\AutoresController))
#10 C:\xampp\htdocs\biblioteca\Practicas-Tecnica-LancerGroup\Practicas en PHP\biblioteca_carlos\system\CodeIgniter.php(368): CodeIgniter\CodeIgniter->handleRequest(NULL, Object(Config\Cache), false)
#11 C:\xampp\htdocs\biblioteca\Practicas-Tecnica-LancerGroup\Practicas en PHP\biblioteca_carlos\public\index.php(67): CodeIgniter\CodeIgniter->run()
#12 {main}
CRITICAL - 2023-03-07 21:36:01 --> Column 'apellido' cannot be null
in SYSTEMPATH\Database\BaseConnection.php on line 645.
 1 SYSTEMPATH\Database\BaseBuilder.php(2309): CodeIgniter\Database\BaseConnection->query('INSERT INTO `autores` (`nombre`, `apellido`, `pais`, `fechaCreacion`) VALUES (:nombre:, :apellido:, :pais:, :fechaCreacion:)', [...], false)
 2 SYSTEMPATH\Model.php(330): CodeIgniter\Database\BaseBuilder->insert()
 3 SYSTEMPATH\BaseModel.php(782): CodeIgniter\Model->doInsert([...])
 4 SYSTEMPATH\Model.php(730): CodeIgniter\BaseModel->insert([...], true)
 5 APPPATH\Controllers\AutoresController.php(45): CodeIgniter\Model->insert([...])
 6 SYSTEMPATH\CodeIgniter.php(934): App\Controllers\AutoresController->guardar()
 7 SYSTEMPATH\CodeIgniter.php(499): CodeIgniter\CodeIgniter->runController(Object(App\Controllers\AutoresController))
 8 SYSTEMPATH\CodeIgniter.php(368): CodeIgniter\CodeIgniter->handleRequest(null, Object(Config\Cache), false)
 9 FCPATH\index.php(67): CodeIgniter\CodeIgniter->run()
ERROR - 2023-03-07 21:37:04 --> mysqli_sql_exception: Column 'apellido' cannot be null in C:\xampp\htdocs\biblioteca\Practicas-Tecnica-LancerGroup\Practicas en PHP\biblioteca_carlos\system\Database\MySQLi\Connection.php:295
Stack trace:
#0 C:\xampp\htdocs\biblioteca\Practicas-Tecnica-LancerGroup\Practicas en PHP\biblioteca_carlos\system\Database\MySQLi\Connection.php(295): mysqli->query('INSERT INTO `au...', 0)
#1 C:\xampp\htdocs\biblioteca\Practicas-Tecnica-LancerGroup\Practicas en PHP\biblioteca_carlos\system\Database\BaseConnection.php(691): CodeIgniter\Database\MySQLi\Connection->execute('INSERT INTO `au...')
#2 C:\xampp\htdocs\biblioteca\Practicas-Tecnica-LancerGroup\Practicas en PHP\biblioteca_carlos\system\Database\BaseConnection.php(605): CodeIgniter\Database\BaseConnection->simpleQuery('INSERT INTO `au...')
#3 C:\xampp\htdocs\biblioteca\Practicas-Tecnica-LancerGroup\Practicas en PHP\biblioteca_carlos\system\Database\BaseBuilder.php(2309): CodeIgniter\Database\BaseConnection->query('INSERT INTO `au...', Array, false)
#4 C:\xampp\htdocs\biblioteca\Practicas-Tecnica-LancerGroup\Practicas en PHP\biblioteca_carlos\system\Model.php(330): CodeIgniter\Database\BaseBuilder->insert()
#5 C:\xampp\htdocs\biblioteca\Practicas-Tecnica-LancerGroup\Practicas en PHP\biblioteca_carlos\system\BaseModel.php(782): CodeIgniter\Model->doInsert(Array)
#6 C:\xampp\htdocs\biblioteca\Practicas-Tecnica-LancerGroup\Practicas en PHP\biblioteca_carlos\system\Model.php(730): CodeIgniter\BaseModel->insert(Array, true)
#7 C:\xampp\htdocs\biblioteca\Practicas-Tecnica-LancerGroup\Practicas en PHP\biblioteca_carlos\app\Controllers\AutoresController.php(45): CodeIgniter\Model->insert(Array)
#8 C:\xampp\htdocs\biblioteca\Practicas-Tecnica-LancerGroup\Practicas en PHP\biblioteca_carlos\system\CodeIgniter.php(934): App\Controllers\AutoresController->guardar()
#9 C:\xampp\htdocs\biblioteca\Practicas-Tecnica-LancerGroup\Practicas en PHP\biblioteca_carlos\system\CodeIgniter.php(499): CodeIgniter\CodeIgniter->runController(Object(App\Controllers\AutoresController))
#10 C:\xampp\htdocs\biblioteca\Practicas-Tecnica-LancerGroup\Practicas en PHP\biblioteca_carlos\system\CodeIgniter.php(368): CodeIgniter\CodeIgniter->handleRequest(NULL, Object(Config\Cache), false)
#11 C:\xampp\htdocs\biblioteca\Practicas-Tecnica-LancerGroup\Practicas en PHP\biblioteca_carlos\public\index.php(67): CodeIgniter\CodeIgniter->run()
#12 {main}
CRITICAL - 2023-03-07 21:37:04 --> Column 'apellido' cannot be null
in SYSTEMPATH\Database\BaseConnection.php on line 645.
 1 SYSTEMPATH\Database\BaseBuilder.php(2309): CodeIgniter\Database\BaseConnection->query('INSERT INTO `autores` (`nombre`, `apellido`, `pais`, `fechaCreacion`) VALUES (:nombre:, :apellido:, :pais:, :fechaCreacion:)', [...], false)
 2 SYSTEMPATH\Model.php(330): CodeIgniter\Database\BaseBuilder->insert()
 3 SYSTEMPATH\BaseModel.php(782): CodeIgniter\Model->doInsert([...])
 4 SYSTEMPATH\Model.php(730): CodeIgniter\BaseModel->insert([...], true)
 5 APPPATH\Controllers\AutoresController.php(45): CodeIgniter\Model->insert([...])
 6 SYSTEMPATH\CodeIgniter.php(934): App\Controllers\AutoresController->guardar()
 7 SYSTEMPATH\CodeIgniter.php(499): CodeIgniter\CodeIgniter->runController(Object(App\Controllers\AutoresController))
 8 SYSTEMPATH\CodeIgniter.php(368): CodeIgniter\CodeIgniter->handleRequest(null, Object(Config\Cache), false)
 9 FCPATH\index.php(67): CodeIgniter\CodeIgniter->run()
ERROR - 2023-03-07 21:37:51 --> mysqli_sql_exception: Column 'apellido' cannot be null in C:\xampp\htdocs\biblioteca\Practicas-Tecnica-LancerGroup\Practicas en PHP\biblioteca_carlos\system\Database\MySQLi\Connection.php:295
Stack trace:
#0 C:\xampp\htdocs\biblioteca\Practicas-Tecnica-LancerGroup\Practicas en PHP\biblioteca_carlos\system\Database\MySQLi\Connection.php(295): mysqli->query('INSERT INTO `au...', 0)
#1 C:\xampp\htdocs\biblioteca\Practicas-Tecnica-LancerGroup\Practicas en PHP\biblioteca_carlos\system\Database\BaseConnection.php(691): CodeIgniter\Database\MySQLi\Connection->execute('INSERT INTO `au...')
#2 C:\xampp\htdocs\biblioteca\Practicas-Tecnica-LancerGroup\Practicas en PHP\biblioteca_carlos\system\Database\BaseConnection.php(605): CodeIgniter\Database\BaseConnection->simpleQuery('INSERT INTO `au...')
#3 C:\xampp\htdocs\biblioteca\Practicas-Tecnica-LancerGroup\Practicas en PHP\biblioteca_carlos\system\Database\BaseBuilder.php(2309): CodeIgniter\Database\BaseConnection->query('INSERT INTO `au...', Array, false)
#4 C:\xampp\htdocs\biblioteca\Practicas-Tecnica-LancerGroup\Practicas en PHP\biblioteca_carlos\system\Model.php(330): CodeIgniter\Database\BaseBuilder->insert()
#5 C:\xampp\htdocs\biblioteca\Practicas-Tecnica-LancerGroup\Practicas en PHP\biblioteca_carlos\system\BaseModel.php(782): CodeIgniter\Model->doInsert(Array)
#6 C:\xampp\htdocs\biblioteca\Practicas-Tecnica-LancerGroup\Practicas en PHP\biblioteca_carlos\system\Model.php(730): CodeIgniter\BaseModel->insert(Array, true)
#7 C:\xampp\htdocs\biblioteca\Practicas-Tecnica-LancerGroup\Practicas en PHP\biblioteca_carlos\app\Controllers\AutoresController.php(45): CodeIgniter\Model->insert(Array)
#8 C:\xampp\htdocs\biblioteca\Practicas-Tecnica-LancerGroup\Practicas en PHP\biblioteca_carlos\system\CodeIgniter.php(934): App\Controllers\AutoresController->guardar()
#9 C:\xampp\htdocs\biblioteca\Practicas-Tecnica-LancerGroup\Practicas en PHP\biblioteca_carlos\system\CodeIgniter.php(499): CodeIgniter\CodeIgniter->runController(Object(App\Controllers\AutoresController))
#10 C:\xampp\htdocs\biblioteca\Practicas-Tecnica-LancerGroup\Practicas en PHP\biblioteca_carlos\system\CodeIgniter.php(368): CodeIgniter\CodeIgniter->handleRequest(NULL, Object(Config\Cache), false)
#11 C:\xampp\htdocs\biblioteca\Practicas-Tecnica-LancerGroup\Practicas en PHP\biblioteca_carlos\public\index.php(67): CodeIgniter\CodeIgniter->run()
#12 {main}
CRITICAL - 2023-03-07 21:37:51 --> Column 'apellido' cannot be null
in SYSTEMPATH\Database\BaseConnection.php on line 645.
 1 SYSTEMPATH\Database\BaseBuilder.php(2309): CodeIgniter\Database\BaseConnection->query('INSERT INTO `autores` (`nombre`, `apellido`, `pais`, `fechaCreacion`) VALUES (:nombre:, :apellido:, :pais:, :fechaCreacion:)', [...], false)
 2 SYSTEMPATH\Model.php(330): CodeIgniter\Database\BaseBuilder->insert()
 3 SYSTEMPATH\BaseModel.php(782): CodeIgniter\Model->doInsert([...])
 4 SYSTEMPATH\Model.php(730): CodeIgniter\BaseModel->insert([...], true)
 5 APPPATH\Controllers\AutoresController.php(45): CodeIgniter\Model->insert([...])
 6 SYSTEMPATH\CodeIgniter.php(934): App\Controllers\AutoresController->guardar()
 7 SYSTEMPATH\CodeIgniter.php(499): CodeIgniter\CodeIgniter->runController(Object(App\Controllers\AutoresController))
 8 SYSTEMPATH\CodeIgniter.php(368): CodeIgniter\CodeIgniter->handleRequest(null, Object(Config\Cache), false)
 9 FCPATH\index.php(67): CodeIgniter\CodeIgniter->run()
CRITICAL - 2023-03-07 23:02:42 --> Call to undefined method App\Models\Libro::get_where
in SYSTEMPATH\Model.php on line 842.
 1 APPPATH\Controllers\LibrosController.php(68): CodeIgniter\Model->__call('get_where', [...])
 2 SYSTEMPATH\CodeIgniter.php(934): App\Controllers\LibrosController->verlibro('1')
 3 SYSTEMPATH\CodeIgniter.php(499): CodeIgniter\CodeIgniter->runController(Object(App\Controllers\LibrosController))
 4 SYSTEMPATH\CodeIgniter.php(368): CodeIgniter\CodeIgniter->handleRequest(null, Object(Config\Cache), false)
 5 FCPATH\index.php(67): CodeIgniter\CodeIgniter->run()
CRITICAL - 2023-03-07 23:02:42 --> Call to undefined method App\Models\Libro::get_where
in SYSTEMPATH\Model.php on line 842.
 1 APPPATH\Controllers\LibrosController.php(68): CodeIgniter\Model->__call('get_where', [...])
 2 SYSTEMPATH\CodeIgniter.php(934): App\Controllers\LibrosController->verlibro('1')
 3 SYSTEMPATH\CodeIgniter.php(499): CodeIgniter\CodeIgniter->runController(Object(App\Controllers\LibrosController))
 4 SYSTEMPATH\CodeIgniter.php(368): CodeIgniter\CodeIgniter->handleRequest(null, Object(Config\Cache), false)
 5 FCPATH\index.php(67): CodeIgniter\CodeIgniter->run()
CRITICAL - 2023-03-07 23:02:48 --> Call to undefined method App\Models\Libro::get_where
in SYSTEMPATH\Model.php on line 842.
 1 APPPATH\Controllers\LibrosController.php(68): CodeIgniter\Model->__call('get_where', [...])
 2 SYSTEMPATH\CodeIgniter.php(934): App\Controllers\LibrosController->verlibro('1')
 3 SYSTEMPATH\CodeIgniter.php(499): CodeIgniter\CodeIgniter->runController(Object(App\Controllers\LibrosController))
 4 SYSTEMPATH\CodeIgniter.php(368): CodeIgniter\CodeIgniter->handleRequest(null, Object(Config\Cache), false)
 5 FCPATH\index.php(67): CodeIgniter\CodeIgniter->run()
CRITICAL - 2023-03-07 23:02:49 --> Call to undefined method App\Models\Libro::get_where
in SYSTEMPATH\Model.php on line 842.
 1 APPPATH\Controllers\LibrosController.php(68): CodeIgniter\Model->__call('get_where', [...])
 2 SYSTEMPATH\CodeIgniter.php(934): App\Controllers\LibrosController->verlibro('1')
 3 SYSTEMPATH\CodeIgniter.php(499): CodeIgniter\CodeIgniter->runController(Object(App\Controllers\LibrosController))
 4 SYSTEMPATH\CodeIgniter.php(368): CodeIgniter\CodeIgniter->handleRequest(null, Object(Config\Cache), false)
 5 FCPATH\index.php(67): CodeIgniter\CodeIgniter->run()
CRITICAL - 2023-03-07 23:03:23 --> Call to undefined method App\Models\Libro::get_where
in SYSTEMPATH\Model.php on line 842.
 1 APPPATH\Controllers\LibrosController.php(68): CodeIgniter\Model->__call('get_where', [...])
 2 SYSTEMPATH\CodeIgniter.php(934): App\Controllers\LibrosController->verlibro('1')
 3 SYSTEMPATH\CodeIgniter.php(499): CodeIgniter\CodeIgniter->runController(Object(App\Controllers\LibrosController))
 4 SYSTEMPATH\CodeIgniter.php(368): CodeIgniter\CodeIgniter->handleRequest(null, Object(Config\Cache), false)
 5 FCPATH\index.php(67): CodeIgniter\CodeIgniter->run()
CRITICAL - 2023-03-07 23:03:24 --> Call to undefined method App\Models\Libro::get_where
in SYSTEMPATH\Model.php on line 842.
 1 APPPATH\Controllers\LibrosController.php(68): CodeIgniter\Model->__call('get_where', [...])
 2 SYSTEMPATH\CodeIgniter.php(934): App\Controllers\LibrosController->verlibro('1')
 3 SYSTEMPATH\CodeIgniter.php(499): CodeIgniter\CodeIgniter->runController(Object(App\Controllers\LibrosController))
 4 SYSTEMPATH\CodeIgniter.php(368): CodeIgniter\CodeIgniter->handleRequest(null, Object(Config\Cache), false)
 5 FCPATH\index.php(67): CodeIgniter\CodeIgniter->run()
CRITICAL - 2023-03-07 23:03:50 --> Call to undefined method App\Models\Libro::get_where
in SYSTEMPATH\Model.php on line 842.
 1 APPPATH\Controllers\LibrosController.php(68): CodeIgniter\Model->__call('get_where', [...])
 2 SYSTEMPATH\CodeIgniter.php(934): App\Controllers\LibrosController->verlibro('1')
 3 SYSTEMPATH\CodeIgniter.php(499): CodeIgniter\CodeIgniter->runController(Object(App\Controllers\LibrosController))
 4 SYSTEMPATH\CodeIgniter.php(368): CodeIgniter\CodeIgniter->handleRequest(null, Object(Config\Cache), false)
 5 FCPATH\index.php(67): CodeIgniter\CodeIgniter->run()
CRITICAL - 2023-03-07 23:03:50 --> Call to undefined method App\Models\Libro::get_where
in SYSTEMPATH\Model.php on line 842.
 1 APPPATH\Controllers\LibrosController.php(68): CodeIgniter\Model->__call('get_where', [...])
 2 SYSTEMPATH\CodeIgniter.php(934): App\Controllers\LibrosController->verlibro('1')
 3 SYSTEMPATH\CodeIgniter.php(499): CodeIgniter\CodeIgniter->runController(Object(App\Controllers\LibrosController))
 4 SYSTEMPATH\CodeIgniter.php(368): CodeIgniter\CodeIgniter->handleRequest(null, Object(Config\Cache), false)
 5 FCPATH\index.php(67): CodeIgniter\CodeIgniter->run()
CRITICAL - 2023-03-07 23:04:03 --> Call to undefined method App\Models\Libro::get_where
in SYSTEMPATH\Model.php on line 842.
 1 APPPATH\Controllers\LibrosController.php(68): CodeIgniter\Model->__call('get_where', [...])
 2 SYSTEMPATH\CodeIgniter.php(934): App\Controllers\LibrosController->verlibro('1')
 3 SYSTEMPATH\CodeIgniter.php(499): CodeIgniter\CodeIgniter->runController(Object(App\Controllers\LibrosController))
 4 SYSTEMPATH\CodeIgniter.php(368): CodeIgniter\CodeIgniter->handleRequest(null, Object(Config\Cache), false)
 5 FCPATH\index.php(67): CodeIgniter\CodeIgniter->run()
CRITICAL - 2023-03-07 23:04:03 --> Call to undefined method App\Models\Libro::get_where
in SYSTEMPATH\Model.php on line 842.
 1 APPPATH\Controllers\LibrosController.php(68): CodeIgniter\Model->__call('get_where', [...])
 2 SYSTEMPATH\CodeIgniter.php(934): App\Controllers\LibrosController->verlibro('1')
 3 SYSTEMPATH\CodeIgniter.php(499): CodeIgniter\CodeIgniter->runController(Object(App\Controllers\LibrosController))
 4 SYSTEMPATH\CodeIgniter.php(368): CodeIgniter\CodeIgniter->handleRequest(null, Object(Config\Cache), false)
 5 FCPATH\index.php(67): CodeIgniter\CodeIgniter->run()
CRITICAL - 2023-03-07 23:04:04 --> Call to undefined method App\Models\Libro::get_where
in SYSTEMPATH\Model.php on line 842.
 1 APPPATH\Controllers\LibrosController.php(68): CodeIgniter\Model->__call('get_where', [...])
 2 SYSTEMPATH\CodeIgniter.php(934): App\Controllers\LibrosController->verlibro('1')
 3 SYSTEMPATH\CodeIgniter.php(499): CodeIgniter\CodeIgniter->runController(Object(App\Controllers\LibrosController))
 4 SYSTEMPATH\CodeIgniter.php(368): CodeIgniter\CodeIgniter->handleRequest(null, Object(Config\Cache), false)
 5 FCPATH\index.php(67): CodeIgniter\CodeIgniter->run()
CRITICAL - 2023-03-07 23:04:05 --> Call to undefined method App\Models\Libro::get_where
in SYSTEMPATH\Model.php on line 842.
 1 APPPATH\Controllers\LibrosController.php(68): CodeIgniter\Model->__call('get_where', [...])
 2 SYSTEMPATH\CodeIgniter.php(934): App\Controllers\LibrosController->verlibro('1')
 3 SYSTEMPATH\CodeIgniter.php(499): CodeIgniter\CodeIgniter->runController(Object(App\Controllers\LibrosController))
 4 SYSTEMPATH\CodeIgniter.php(368): CodeIgniter\CodeIgniter->handleRequest(null, Object(Config\Cache), false)
 5 FCPATH\index.php(67): CodeIgniter\CodeIgniter->run()
CRITICAL - 2023-03-07 23:04:14 --> Call to undefined method App\Models\Libro::get_where
in SYSTEMPATH\Model.php on line 842.
 1 APPPATH\Controllers\LibrosController.php(68): CodeIgniter\Model->__call('get_where', [...])
 2 SYSTEMPATH\CodeIgniter.php(934): App\Controllers\LibrosController->verlibro('1')
 3 SYSTEMPATH\CodeIgniter.php(499): CodeIgniter\CodeIgniter->runController(Object(App\Controllers\LibrosController))
 4 SYSTEMPATH\CodeIgniter.php(368): CodeIgniter\CodeIgniter->handleRequest(null, Object(Config\Cache), false)
 5 FCPATH\index.php(67): CodeIgniter\CodeIgniter->run()
CRITICAL - 2023-03-07 23:04:15 --> Call to undefined method App\Models\Libro::get_where
in SYSTEMPATH\Model.php on line 842.
 1 APPPATH\Controllers\LibrosController.php(68): CodeIgniter\Model->__call('get_where', [...])
 2 SYSTEMPATH\CodeIgniter.php(934): App\Controllers\LibrosController->verlibro('1')
 3 SYSTEMPATH\CodeIgniter.php(499): CodeIgniter\CodeIgniter->runController(Object(App\Controllers\LibrosController))
 4 SYSTEMPATH\CodeIgniter.php(368): CodeIgniter\CodeIgniter->handleRequest(null, Object(Config\Cache), false)
 5 FCPATH\index.php(67): CodeIgniter\CodeIgniter->run()
CRITICAL - 2023-03-07 23:06:42 --> Undefined variable $libro
in APPPATH\Views\libros\showbook.php on line 35.
 1 APPPATH\Views\libros\showbook.php(35): CodeIgniter\Debug\Exceptions->errorHandler(2, 'Undefined variable $libro', 'APPPATH\\Views\\libros\\showbook.php', 35)
 2 SYSTEMPATH\View\View.php(213): include('APPPATH\\Views\\libros\\showbook.php')
 3 SYSTEMPATH\View\View.php(216): CodeIgniter\View\View->CodeIgniter\View\{closure}()
 4 SYSTEMPATH\Common.php(1184): CodeIgniter\View\View->render('libros/showbook', [], true)
 5 APPPATH\Controllers\LibrosController.php(69): view('libros/showbook', [...])
 6 SYSTEMPATH\CodeIgniter.php(934): App\Controllers\LibrosController->verlibro('1')
 7 SYSTEMPATH\CodeIgniter.php(499): CodeIgniter\CodeIgniter->runController(Object(App\Controllers\LibrosController))
 8 SYSTEMPATH\CodeIgniter.php(368): CodeIgniter\CodeIgniter->handleRequest(null, Object(Config\Cache), false)
 9 FCPATH\index.php(67): CodeIgniter\CodeIgniter->run()
CRITICAL - 2023-03-07 23:06:42 --> Undefined variable $libro
in APPPATH\Views\libros\showbook.php on line 35.
 1 APPPATH\Views\libros\showbook.php(35): CodeIgniter\Debug\Exceptions->errorHandler(2, 'Undefined variable $libro', 'APPPATH\\Views\\libros\\showbook.php', 35)
 2 SYSTEMPATH\View\View.php(213): include('APPPATH\\Views\\libros\\showbook.php')
 3 SYSTEMPATH\View\View.php(216): CodeIgniter\View\View->CodeIgniter\View\{closure}()
 4 SYSTEMPATH\Common.php(1184): CodeIgniter\View\View->render('libros/showbook', [], true)
 5 APPPATH\Controllers\LibrosController.php(69): view('libros/showbook', [...])
 6 SYSTEMPATH\CodeIgniter.php(934): App\Controllers\LibrosController->verlibro('1')
 7 SYSTEMPATH\CodeIgniter.php(499): CodeIgniter\CodeIgniter->runController(Object(App\Controllers\LibrosController))
 8 SYSTEMPATH\CodeIgniter.php(368): CodeIgniter\CodeIgniter->handleRequest(null, Object(Config\Cache), false)
 9 FCPATH\index.php(67): CodeIgniter\CodeIgniter->run()
CRITICAL - 2023-03-07 23:06:53 --> Undefined array key "name"
in APPPATH\Views\libros\showbook.php on line 35.
 1 APPPATH\Views\libros\showbook.php(35): CodeIgniter\Debug\Exceptions->errorHandler(2, 'Undefined array key "name"', 'APPPATH\\Views\\libros\\showbook.php', 35)
 2 SYSTEMPATH\View\View.php(213): include('APPPATH\\Views\\libros\\showbook.php')
 3 SYSTEMPATH\View\View.php(216): CodeIgniter\View\View->CodeIgniter\View\{closure}()
 4 SYSTEMPATH\Common.php(1184): CodeIgniter\View\View->render('libros/showbook', [], true)
 5 APPPATH\Controllers\LibrosController.php(69): view('libros/showbook', [...])
 6 SYSTEMPATH\CodeIgniter.php(934): App\Controllers\LibrosController->verlibro('1')
 7 SYSTEMPATH\CodeIgniter.php(499): CodeIgniter\CodeIgniter->runController(Object(App\Controllers\LibrosController))
 8 SYSTEMPATH\CodeIgniter.php(368): CodeIgniter\CodeIgniter->handleRequest(null, Object(Config\Cache), false)
 9 FCPATH\index.php(67): CodeIgniter\CodeIgniter->run()
CRITICAL - 2023-03-07 23:06:54 --> Undefined array key "name"
in APPPATH\Views\libros\showbook.php on line 35.
 1 APPPATH\Views\libros\showbook.php(35): CodeIgniter\Debug\Exceptions->errorHandler(2, 'Undefined array key "name"', 'APPPATH\\Views\\libros\\showbook.php', 35)
 2 SYSTEMPATH\View\View.php(213): include('APPPATH\\Views\\libros\\showbook.php')
 3 SYSTEMPATH\View\View.php(216): CodeIgniter\View\View->CodeIgniter\View\{closure}()
 4 SYSTEMPATH\Common.php(1184): CodeIgniter\View\View->render('libros/showbook', [], true)
 5 APPPATH\Controllers\LibrosController.php(69): view('libros/showbook', [...])
 6 SYSTEMPATH\CodeIgniter.php(934): App\Controllers\LibrosController->verlibro('1')
 7 SYSTEMPATH\CodeIgniter.php(499): CodeIgniter\CodeIgniter->runController(Object(App\Controllers\LibrosController))
 8 SYSTEMPATH\CodeIgniter.php(368): CodeIgniter\CodeIgniter->handleRequest(null, Object(Config\Cache), false)
 9 FCPATH\index.php(67): CodeIgniter\CodeIgniter->run()
CRITICAL - 2023-03-07 23:06:55 --> Undefined array key "name"
in APPPATH\Views\libros\showbook.php on line 35.
 1 APPPATH\Views\libros\showbook.php(35): CodeIgniter\Debug\Exceptions->errorHandler(2, 'Undefined array key "name"', 'APPPATH\\Views\\libros\\showbook.php', 35)
 2 SYSTEMPATH\View\View.php(213): include('APPPATH\\Views\\libros\\showbook.php')
 3 SYSTEMPATH\View\View.php(216): CodeIgniter\View\View->CodeIgniter\View\{closure}()
 4 SYSTEMPATH\Common.php(1184): CodeIgniter\View\View->render('libros/showbook', [], true)
 5 APPPATH\Controllers\LibrosController.php(69): view('libros/showbook', [...])
 6 SYSTEMPATH\CodeIgniter.php(934): App\Controllers\LibrosController->verlibro('1')
 7 SYSTEMPATH\CodeIgniter.php(499): CodeIgniter\CodeIgniter->runController(Object(App\Controllers\LibrosController))
 8 SYSTEMPATH\CodeIgniter.php(368): CodeIgniter\CodeIgniter->handleRequest(null, Object(Config\Cache), false)
 9 FCPATH\index.php(67): CodeIgniter\CodeIgniter->run()
CRITICAL - 2023-03-07 23:06:56 --> Undefined array key "name"
in APPPATH\Views\libros\showbook.php on line 35.
 1 APPPATH\Views\libros\showbook.php(35): CodeIgniter\Debug\Exceptions->errorHandler(2, 'Undefined array key "name"', 'APPPATH\\Views\\libros\\showbook.php', 35)
 2 SYSTEMPATH\View\View.php(213): include('APPPATH\\Views\\libros\\showbook.php')
 3 SYSTEMPATH\View\View.php(216): CodeIgniter\View\View->CodeIgniter\View\{closure}()
 4 SYSTEMPATH\Common.php(1184): CodeIgniter\View\View->render('libros/showbook', [], true)
 5 APPPATH\Controllers\LibrosController.php(69): view('libros/showbook', [...])
 6 SYSTEMPATH\CodeIgniter.php(934): App\Controllers\LibrosController->verlibro('1')
 7 SYSTEMPATH\CodeIgniter.php(499): CodeIgniter\CodeIgniter->runController(Object(App\Controllers\LibrosController))
 8 SYSTEMPATH\CodeIgniter.php(368): CodeIgniter\CodeIgniter->handleRequest(null, Object(Config\Cache), false)
 9 FCPATH\index.php(67): CodeIgniter\CodeIgniter->run()
CRITICAL - 2023-03-07 23:46:52 --> syntax error, unexpected token "]"
in APPPATH\Controllers\LibrosController.php on line 54.
 1 SYSTEMPATH\Autoloader\Autoloader.php(289): CodeIgniter\Autoloader\Autoloader->includeFile('APPPATH\\Controllers\\LibrosController.php')
 2 SYSTEMPATH\Autoloader\Autoloader.php(267): CodeIgniter\Autoloader\Autoloader->loadInNamespace('App\\Controllers\\LibrosController')
 3 [internal function]: CodeIgniter\Autoloader\Autoloader->loadClass('App\\Controllers\\LibrosController')
 4 SYSTEMPATH\CodeIgniter.php(892): class_exists('\\App\\Controllers\\LibrosController', true)
 5 SYSTEMPATH\CodeIgniter.php(486): CodeIgniter\CodeIgniter->startController()
 6 SYSTEMPATH\CodeIgniter.php(368): CodeIgniter\CodeIgniter->handleRequest(null, Object(Config\Cache), false)
 7 FCPATH\index.php(67): CodeIgniter\CodeIgniter->run()
CRITICAL - 2023-03-07 23:47:14 --> syntax error, unexpected token "]"
in APPPATH\Controllers\LibrosController.php on line 54.
 1 SYSTEMPATH\Autoloader\Autoloader.php(289): CodeIgniter\Autoloader\Autoloader->includeFile('APPPATH\\Controllers\\LibrosController.php')
 2 SYSTEMPATH\Autoloader\Autoloader.php(267): CodeIgniter\Autoloader\Autoloader->loadInNamespace('App\\Controllers\\LibrosController')
 3 [internal function]: CodeIgniter\Autoloader\Autoloader->loadClass('App\\Controllers\\LibrosController')
 4 SYSTEMPATH\CodeIgniter.php(892): class_exists('\\App\\Controllers\\LibrosController', true)
 5 SYSTEMPATH\CodeIgniter.php(486): CodeIgniter\CodeIgniter->startController()
 6 SYSTEMPATH\CodeIgniter.php(368): CodeIgniter\CodeIgniter->handleRequest(null, Object(Config\Cache), false)
 7 FCPATH\index.php(67): CodeIgniter\CodeIgniter->run()
CRITICAL - 2023-03-07 23:47:16 --> syntax error, unexpected token "]"
in APPPATH\Controllers\LibrosController.php on line 54.
 1 SYSTEMPATH\Autoloader\Autoloader.php(289): CodeIgniter\Autoloader\Autoloader->includeFile('APPPATH\\Controllers\\LibrosController.php')
 2 SYSTEMPATH\Autoloader\Autoloader.php(267): CodeIgniter\Autoloader\Autoloader->loadInNamespace('App\\Controllers\\LibrosController')
 3 [internal function]: CodeIgniter\Autoloader\Autoloader->loadClass('App\\Controllers\\LibrosController')
 4 SYSTEMPATH\CodeIgniter.php(892): class_exists('\\App\\Controllers\\LibrosController', true)
 5 SYSTEMPATH\CodeIgniter.php(486): CodeIgniter\CodeIgniter->startController()
 6 SYSTEMPATH\CodeIgniter.php(368): CodeIgniter\CodeIgniter->handleRequest(null, Object(Config\Cache), false)
 7 FCPATH\index.php(67): CodeIgniter\CodeIgniter->run()
CRITICAL - 2023-03-07 23:47:40 --> syntax error, unexpected token "]"
in APPPATH\Controllers\LibrosController.php on line 54.
 1 SYSTEMPATH\Autoloader\Autoloader.php(289): CodeIgniter\Autoloader\Autoloader->includeFile('APPPATH\\Controllers\\LibrosController.php')
 2 SYSTEMPATH\Autoloader\Autoloader.php(267): CodeIgniter\Autoloader\Autoloader->loadInNamespace('App\\Controllers\\LibrosController')
 3 [internal function]: CodeIgniter\Autoloader\Autoloader->loadClass('App\\Controllers\\LibrosController')
 4 SYSTEMPATH\CodeIgniter.php(892): class_exists('\\App\\Controllers\\LibrosController', true)
 5 SYSTEMPATH\CodeIgniter.php(486): CodeIgniter\CodeIgniter->startController()
 6 SYSTEMPATH\CodeIgniter.php(368): CodeIgniter\CodeIgniter->handleRequest(null, Object(Config\Cache), false)
 7 FCPATH\index.php(67): CodeIgniter\CodeIgniter->run()
CRITICAL - 2023-03-07 23:47:47 --> syntax error, unexpected token "]"
in APPPATH\Controllers\LibrosController.php on line 54.
 1 SYSTEMPATH\Autoloader\Autoloader.php(289): CodeIgniter\Autoloader\Autoloader->includeFile('APPPATH\\Controllers\\LibrosController.php')
 2 SYSTEMPATH\Autoloader\Autoloader.php(267): CodeIgniter\Autoloader\Autoloader->loadInNamespace('App\\Controllers\\LibrosController')
 3 [internal function]: CodeIgniter\Autoloader\Autoloader->loadClass('App\\Controllers\\LibrosController')
 4 SYSTEMPATH\CodeIgniter.php(892): class_exists('\\App\\Controllers\\LibrosController', true)
 5 SYSTEMPATH\CodeIgniter.php(486): CodeIgniter\CodeIgniter->startController()
 6 SYSTEMPATH\CodeIgniter.php(368): CodeIgniter\CodeIgniter->handleRequest(null, Object(Config\Cache), false)
 7 FCPATH\index.php(67): CodeIgniter\CodeIgniter->run()
CRITICAL - 2023-03-07 23:58:25 --> Cannot use [] for reading
in APPPATH\Controllers\LibrosController.php on line 49.
 1 SYSTEMPATH\CodeIgniter.php(934): App\Controllers\LibrosController->guardar()
 2 SYSTEMPATH\CodeIgniter.php(499): CodeIgniter\CodeIgniter->runController(Object(App\Controllers\LibrosController))
 3 SYSTEMPATH\CodeIgniter.php(368): CodeIgniter\CodeIgniter->handleRequest(null, Object(Config\Cache), false)
 4 FCPATH\index.php(67): CodeIgniter\CodeIgniter->run()
CRITICAL - 2023-03-07 23:58:26 --> Cannot use [] for reading
in APPPATH\Controllers\LibrosController.php on line 49.
 1 SYSTEMPATH\CodeIgniter.php(934): App\Controllers\LibrosController->guardar()
 2 SYSTEMPATH\CodeIgniter.php(499): CodeIgniter\CodeIgniter->runController(Object(App\Controllers\LibrosController))
 3 SYSTEMPATH\CodeIgniter.php(368): CodeIgniter\CodeIgniter->handleRequest(null, Object(Config\Cache), false)
 4 FCPATH\index.php(67): CodeIgniter\CodeIgniter->run()
CRITICAL - 2023-03-07 23:59:25 --> Cannot access offset of type string on string
in APPPATH\Controllers\LibrosController.php on line 50.
 1 SYSTEMPATH\CodeIgniter.php(934): App\Controllers\LibrosController->guardar()
 2 SYSTEMPATH\CodeIgniter.php(499): CodeIgniter\CodeIgniter->runController(Object(App\Controllers\LibrosController))
 3 SYSTEMPATH\CodeIgniter.php(368): CodeIgniter\CodeIgniter->handleRequest(null, Object(Config\Cache), false)
 4 FCPATH\index.php(67): CodeIgniter\CodeIgniter->run()
CRITICAL - 2023-03-07 23:59:26 --> Cannot access offset of type string on string
in APPPATH\Controllers\LibrosController.php on line 50.
 1 SYSTEMPATH\CodeIgniter.php(934): App\Controllers\LibrosController->guardar()
 2 SYSTEMPATH\CodeIgniter.php(499): CodeIgniter\CodeIgniter->runController(Object(App\Controllers\LibrosController))
 3 SYSTEMPATH\CodeIgniter.php(368): CodeIgniter\CodeIgniter->handleRequest(null, Object(Config\Cache), false)
 4 FCPATH\index.php(67): CodeIgniter\CodeIgniter->run()
